[2025-05-18 19:32:34] 🚀 Starting bot
[2025-05-18 19:32:34] ⚙️ Using Friday expiration parameters
[2025-05-18 19:32:34] 🟢 Bot started
[2025-05-18 19:32:34] ⚠️ No ticker file for today. Using fallback list.
[2025-05-18 19:32:34] 🔴 Market closed. Sleeping 15 minutes...
[2025-05-18 19:33:00] 🚀 Starting bot
[2025-05-18 19:33:00] ⚙️ Using Friday expiration parameters
[2025-05-18 19:33:00] 🟢 Bot started
[2025-05-18 19:33:00] ⚠️ No ticker file for today. Using fallback list.
[2025-05-18 19:33:00] 🔴 Market closed. Sleeping 15 minutes...
[2025-05-18 19:47:34] 🔴 Market closed. Sleeping 15 minutes...
[2025-05-18 19:48:00] 🔴 Market closed. Sleeping 15 minutes...
[2025-05-18 20:02:34] 🔴 Market closed. Sleeping 15 minutes...
[2025-05-18 20:03:00] 🔴 Market closed. Sleeping 15 minutes...
[2025-05-18 20:17:34] 🔴 Market closed. Sleeping 15 minutes...
[2025-05-18 20:18:00] 🔴 Market closed. Sleeping 15 minutes...
[2025-05-18 20:32:34] 🔴 Market closed. Sleeping 15 minutes...
[2025-05-18 20:33:00] 🔴 Market closed. Sleeping 15 minutes...
[2025-05-18 20:47:34] 🔴 Market closed. Sleeping 15 minutes...
[2025-05-18 20:48:00] 🔴 Market closed. Sleeping 15 minutes...
[2025-05-18 21:02:34] 🔴 Market closed. Sleeping 15 minutes...
[2025-05-18 21:03:00] 🔴 Market closed. Sleeping 15 minutes...
[2025-05-18 21:17:34] 🔴 Market closed. Sleeping 15 minutes...
[2025-05-18 21:18:00] 🔴 Market closed. Sleeping 15 minutes...
[2025-05-18 21:32:34] 🔴 Market closed. Sleeping 15 minutes...
[2025-05-18 21:33:00] 🔴 Market closed. Sleeping 15 minutes...
[2025-05-18 21:47:34] 🔴 Market closed. Sleeping 15 minutes...
[2025-05-18 21:48:00] 🔴 Market closed. Sleeping 15 minutes...
[2025-05-18 22:02:34] 🔴 Market closed. Sleeping 15 minutes...
[2025-05-18 22:03:00] 🔴 Market closed. Sleeping 15 minutes...
[2025-05-18 22:17:34] 🔴 Market closed. Sleeping 15 minutes...
[2025-05-18 22:18:00] 🔴 Market closed. Sleeping 15 minutes...
[2025-05-18 22:32:34] 🔴 Market closed. Sleeping 15 minutes...
[2025-05-18 22:33:00] 🔴 Market closed. Sleeping 15 minutes...
[2025-05-18 22:47:34] 🔴 Market closed. Sleeping 15 minutes...
[2025-05-18 22:48:00] 🔴 Market closed. Sleeping 15 minutes...
[2025-05-18 23:02:34] 🔴 Market closed. Sleeping 15 minutes...
[2025-05-18 23:03:00] 🔴 Market closed. Sleeping 15 minutes...
[2025-05-18 23:17:34] 🔴 Market closed. Sleeping 15 minutes...
[2025-05-18 23:18:00] 🔴 Market closed. Sleeping 15 minutes...
[2025-05-18 23:32:34] 🔴 Market closed. Sleeping 15 minutes...
[2025-05-18 23:33:00] 🔴 Market closed. Sleeping 15 minutes...
[2025-05-18 23:47:34] 🔴 Market closed. Sleeping 15 minutes...
[2025-05-18 23:48:00] 🔴 Market closed. Sleeping 15 minutes...
[2025-05-19 00:02:34] 🔴 Market closed. Sleeping 15 minutes...
[2025-05-19 00:03:00] 🔴 Market closed. Sleeping 15 minutes...
[2025-05-19 00:17:34] 🔴 Market closed. Sleeping 15 minutes...
[2025-05-19 00:18:00] 🔴 Market closed. Sleeping 15 minutes...
[2025-05-19 00:32:34] 🔴 Market closed. Sleeping 15 minutes...
[2025-05-19 00:33:00] 🔴 Market closed. Sleeping 15 minutes...
[2025-05-19 00:47:34] 🔴 Market closed. Sleeping 15 minutes...
[2025-05-19 00:48:00] 🔴 Market closed. Sleeping 15 minutes...
[2025-05-19 01:02:34] 🔴 Market closed. Sleeping 15 minutes...
[2025-05-19 01:03:00] 🔴 Market closed. Sleeping 15 minutes...
[2025-05-19 01:17:34] 🔴 Market closed. Sleeping 15 minutes...
[2025-05-19 01:18:00] 🔴 Market closed. Sleeping 15 minutes...
[2025-05-19 01:32:34] 🔴 Market closed. Sleeping 15 minutes...
[2025-05-19 01:33:00] 🔴 Market closed. Sleeping 15 minutes...
[2025-05-19 01:47:34] 🔴 Market closed. Sleeping 15 minutes...
[2025-05-19 01:48:00] 🔴 Market closed. Sleeping 15 minutes...
[2025-05-19 02:02:34] 🔴 Market closed. Sleeping 15 minutes...
[2025-05-19 02:03:00] 🔴 Market closed. Sleeping 15 minutes...
[2025-05-19 02:17:34] 🔴 Market closed. Sleeping 15 minutes...
[2025-05-19 02:18:00] 🔴 Market closed. Sleeping 15 minutes...
[2025-05-19 02:32:34] 🔴 Market closed. Sleeping 15 minutes...
[2025-05-19 02:33:00] 🔴 Market closed. Sleeping 15 minutes...
[2025-05-19 02:47:34] 🔴 Market closed. Sleeping 15 minutes...
[2025-05-19 02:48:00] 🔴 Market closed. Sleeping 15 minutes...
[2025-05-19 03:02:34] 🔴 Market closed. Sleeping 15 minutes...
[2025-05-19 03:03:00] 🔴 Market closed. Sleeping 15 minutes...
[2025-05-19 03:17:34] 🔴 Market closed. Sleeping 15 minutes...
[2025-05-19 03:18:00] 🔴 Market closed. Sleeping 15 minutes...
[2025-05-19 03:32:34] 🔴 Market closed. Sleeping 15 minutes...
[2025-05-19 03:33:00] 🔴 Market closed. Sleeping 15 minutes...
[2025-05-19 03:47:34] 🔴 Market closed. Sleeping 15 minutes...
[2025-05-19 03:48:00] 🔴 Market closed. Sleeping 15 minutes...
[2025-05-19 04:02:34] 🔴 Market closed. Sleeping 15 minutes...
[2025-05-19 04:03:00] 🔴 Market closed. Sleeping 15 minutes...
[2025-05-19 04:17:35] 🔴 Market closed. Sleeping 15 minutes...
[2025-05-19 04:18:00] 🔴 Market closed. Sleeping 15 minutes...
[2025-05-19 04:32:35] 🔴 Market closed. Sleeping 15 minutes...
[2025-05-19 04:33:00] 🔴 Market closed. Sleeping 15 minutes...
[2025-05-19 04:47:35] 🔴 Market closed. Sleeping 15 minutes...
[2025-05-19 04:48:00] 🔴 Market closed. Sleeping 15 minutes...
[2025-05-19 05:02:34] 🔴 Market closed. Sleeping 15 minutes...
[2025-05-19 05:03:00] 🔴 Market closed. Sleeping 15 minutes...
[2025-05-19 05:17:34] 🔴 Market closed. Sleeping 15 minutes...
[2025-05-19 05:18:00] 🔴 Market closed. Sleeping 15 minutes...
[2025-05-19 05:32:34] 🔴 Market closed. Sleeping 15 minutes...
[2025-05-19 05:33:00] 🔴 Market closed. Sleeping 15 minutes...
[2025-05-19 05:47:34] 🔴 Market closed. Sleeping 15 minutes...
[2025-05-19 05:48:00] 🔴 Market closed. Sleeping 15 minutes...
[2025-05-19 06:02:35] 🔴 Market closed. Sleeping 15 minutes...
[2025-05-19 06:03:00] 🔴 Market closed. Sleeping 15 minutes...
[2025-05-19 06:17:35] 🔴 Market closed. Sleeping 15 minutes...
[2025-05-19 06:18:00] 🔴 Market closed. Sleeping 15 minutes...
[2025-05-19 06:32:35] 🔴 Market closed. Sleeping 15 minutes...
[2025-05-19 06:33:00] 🔴 Market closed. Sleeping 15 minutes...
[2025-05-19 06:47:35] 🔴 Market closed. Sleeping 15 minutes...
[2025-05-19 06:48:00] 🔴 Market closed. Sleeping 15 minutes...
[2025-05-19 07:02:35] 🔴 Market closed. Sleeping 15 minutes...
[2025-05-19 07:03:01] 🔴 Market closed. Sleeping 15 minutes...
[2025-05-19 07:17:35] 🔴 Market closed. Sleeping 15 minutes...
[2025-05-19 07:18:01] 🔴 Market closed. Sleeping 15 minutes...
[2025-05-19 07:32:35] 🔴 Market closed. Sleeping 15 minutes...
[2025-05-19 07:33:01] 🔴 Market closed. Sleeping 15 minutes...
[2025-05-19 07:47:35] 🔴 Market closed. Sleeping 15 minutes...
[2025-05-19 07:48:01] 🔴 Market closed. Sleeping 15 minutes...
[2025-05-19 08:02:35] 🔴 Market closed. Sleeping 15 minutes...
[2025-05-19 08:03:00] 🔴 Market closed. Sleeping 15 minutes...
[2025-05-19 08:17:35] 🔴 Market closed. Sleeping 15 minutes...
[2025-05-19 08:18:00] 🔴 Market closed. Sleeping 15 minutes...
[2025-05-19 08:32:35] 🔴 Market closed. Sleeping 15 minutes...
[2025-05-19 08:33:01] 🔴 Market closed. Sleeping 15 minutes...
[2025-05-19 08:47:35] 🔴 Market closed. Sleeping 15 minutes...
[2025-05-19 08:48:01] 🔴 Market closed. Sleeping 15 minutes...
[2025-05-19 09:02:35] 🔴 Market closed. Sleeping 15 minutes...
[2025-05-19 09:03:01] 🔴 Market closed. Sleeping 15 minutes...
[2025-05-19 09:17:35] 🔴 Market closed. Sleeping 15 minutes...
[2025-05-19 09:18:01] 🔴 Market closed. Sleeping 15 minutes...
[2025-05-19 09:32:42] [SPY] No valid spread found.
[2025-05-19 09:32:49] [QQQ] No valid spread found.
[2025-05-19 09:32:49] ⚠️ Low contract count for TSLA, retrying...
[2025-05-19 09:32:51] [TSLA] No valid spread found.
[2025-05-19 09:32:51] ⚠️ Low contract count for AAPL, retrying...
[2025-05-19 09:32:53] [AAPL] No valid spread found.
[2025-05-19 09:32:53] ⚠️ Low contract count for MSFT, retrying...
[2025-05-19 09:32:55] [MSFT] No valid spread found.
[2025-05-19 09:32:56] ⚠️ Low contract count for NVDA, retrying...
[2025-05-19 09:32:58] [NVDA] No valid spread found.
[2025-05-19 09:32:58] ⚠️ Low contract count for META, retrying...
[2025-05-19 09:33:00] [META] No valid spread found.
[2025-05-19 09:33:00] ⚠️ Low contract count for AMZN, retrying...
[2025-05-19 09:33:02] [AMZN] No valid spread found.
[2025-05-19 09:33:02] ⚠️ Low contract count for AMD, retrying...
[2025-05-19 09:33:04] [AMD] No valid spread found.
[2025-05-19 09:33:05] ⚠️ Low contract count for GOOG, retrying...
[2025-05-19 09:33:07] [GOOG] No valid spread found.
[2025-05-19 09:33:07] ⚠️ Low contract count for BA, retrying...
[2025-05-19 09:33:09] [BA] No valid spread found.
[2025-05-19 09:33:09] ⚠️ Low contract count for XLF, retrying...
[2025-05-19 09:33:11] [XLF] No valid spread found.
[2025-05-19 09:33:11] ⚠️ Low contract count for XLK, retrying...
[2025-05-19 09:33:13] [XLK] No valid spread found.
[2025-05-19 09:33:14] ⚠️ Low contract count for DIA, retrying...
[2025-05-19 09:33:16] [DIA] No valid spread found.
[2025-05-19 09:33:39] ✅ IWM Spread placed: Credit $0.60, Width $1.00
[2025-05-19 09:33:42] ⚠️ Low contract count for XLE, retrying...
[2025-05-19 09:33:44] [XLE] No valid spread found.
[2025-05-19 09:33:44] ⚠️ Low contract count for XBI, retrying...
[2025-05-19 09:33:47] [XBI] No valid spread found.
[2025-05-19 09:33:47] ⚠️ Low contract count for TSM, retrying...
[2025-05-19 09:33:49] [TSM] No valid spread found.
[2025-05-19 09:33:49] ⚠️ Low contract count for GDX, retrying...
[2025-05-19 09:33:51] [GDX] No valid spread found.
[2025-05-19 09:33:51] ⚠️ Low contract count for ARKK, retrying...
[2025-05-19 09:33:53] [ARKK] No valid spread found.
[2025-05-19 09:33:53] ⏱ Waiting 5 minutes for next scan...
[2025-05-19 09:33:57] [SPY] No valid spread found.
[2025-05-19 09:34:32] [QQQ] No valid spread found.
[2025-05-19 09:34:32] ⚠️ Low contract count for TSLA, retrying...
[2025-05-19 09:34:34] [TSLA] No valid spread found.
[2025-05-19 09:34:34] ⚠️ Low contract count for AAPL, retrying...
[2025-05-19 09:34:36] [AAPL] No valid spread found.
[2025-05-19 09:34:36] ⚠️ Low contract count for MSFT, retrying...
[2025-05-19 09:34:39] [MSFT] No valid spread found.
[2025-05-19 09:34:39] ⚠️ Low contract count for NVDA, retrying...
[2025-05-19 09:34:41] [NVDA] No valid spread found.
[2025-05-19 09:34:41] ⚠️ Low contract count for META, retrying...
[2025-05-19 09:34:43] [META] No valid spread found.
[2025-05-19 09:34:43] ⚠️ Low contract count for AMZN, retrying...
[2025-05-19 09:34:45] [AMZN] No valid spread found.
[2025-05-19 09:34:45] ⚠️ Low contract count for AMD, retrying...
[2025-05-19 09:34:47] [AMD] No valid spread found.
[2025-05-19 09:34:48] ⚠️ Low contract count for GOOG, retrying...
[2025-05-19 09:34:50] [GOOG] No valid spread found.
[2025-05-19 09:34:50] ⚠️ Low contract count for BA, retrying...
[2025-05-19 09:34:52] [BA] No valid spread found.
[2025-05-19 09:34:52] ⚠️ Low contract count for XLF, retrying...
[2025-05-19 09:34:54] [XLF] No valid spread found.
[2025-05-19 09:34:54] ⚠️ Low contract count for XLK, retrying...
[2025-05-19 09:34:56] [XLK] No valid spread found.
[2025-05-19 09:34:57] ⚠️ Low contract count for DIA, retrying...
[2025-05-19 09:34:59] [DIA] No valid spread found.
[2025-05-19 09:35:13] ✅ IWM Spread placed: Credit $0.60, Width $1.00
[2025-05-19 09:35:13] ⚠️ Low contract count for XLE, retrying...
[2025-05-19 09:35:15] [XLE] No valid spread found.
[2025-05-19 09:35:15] ⚠️ Low contract count for XBI, retrying...
[2025-05-19 09:35:17] [XBI] No valid spread found.
[2025-05-19 09:35:21] ⚠️ Low contract count for TSM, retrying...
[2025-05-19 09:35:23] [TSM] No valid spread found.
[2025-05-19 09:35:23] ⚠️ Low contract count for GDX, retrying...
[2025-05-19 09:35:25] [GDX] No valid spread found.
[2025-05-19 09:35:25] ⚠️ Low contract count for ARKK, retrying...
[2025-05-19 09:35:27] [ARKK] No valid spread found.
[2025-05-19 09:35:27] ⏱ Waiting 5 minutes for next scan...
[2025-05-19 09:39:16] [SPY] No valid spread found.
[2025-05-19 09:39:54] [QQQ] No valid spread found.
[2025-05-19 09:39:54] ⚠️ Low contract count for TSLA, retrying...
[2025-05-19 09:39:56] [TSLA] No valid spread found.
[2025-05-19 09:39:56] ⚠️ Low contract count for AAPL, retrying...
[2025-05-19 09:39:58] [AAPL] No valid spread found.
[2025-05-19 09:39:58] ⚠️ Low contract count for MSFT, retrying...
[2025-05-19 09:40:01] [MSFT] No valid spread found.
[2025-05-19 09:40:01] ⚠️ Low contract count for NVDA, retrying...
[2025-05-19 09:40:03] [NVDA] No valid spread found.
[2025-05-19 09:40:03] ⚠️ Low contract count for META, retrying...
[2025-05-19 09:40:05] [META] No valid spread found.
[2025-05-19 09:40:08] ⚠️ Low contract count for AMZN, retrying...
[2025-05-19 09:40:10] [AMZN] No valid spread found.
[2025-05-19 09:40:10] ⚠️ Low contract count for AMD, retrying...
[2025-05-19 09:40:13] [AMD] No valid spread found.
[2025-05-19 09:40:13] ⚠️ Low contract count for GOOG, retrying...
[2025-05-19 09:40:15] [GOOG] No valid spread found.
[2025-05-19 09:40:15] ⚠️ Low contract count for BA, retrying...
[2025-05-19 09:40:17] [BA] No valid spread found.
[2025-05-19 09:40:17] ⚠️ Low contract count for XLF, retrying...
[2025-05-19 09:40:19] [XLF] No valid spread found.
[2025-05-19 09:40:19] ⚠️ Low contract count for XLK, retrying...
[2025-05-19 09:40:21] [XLK] No valid spread found.
[2025-05-19 09:40:22] ⚠️ Low contract count for DIA, retrying...
[2025-05-19 09:40:24] [DIA] No valid spread found.
[2025-05-19 09:40:38] ✅ IWM Spread placed: Credit $0.60, Width $1.00
[2025-05-19 09:40:41] ⚠️ Low contract count for XLE, retrying...
[2025-05-19 09:40:43] [XLE] No valid spread found.
[2025-05-19 09:40:44] ⚠️ Low contract count for XBI, retrying...
[2025-05-19 09:40:46] [XBI] No valid spread found.
[2025-05-19 09:40:46] ⚠️ Low contract count for TSM, retrying...
[2025-05-19 09:40:48] [TSM] No valid spread found.
[2025-05-19 09:40:48] ⚠️ Low contract count for GDX, retrying...
[2025-05-19 09:40:50] [GDX] No valid spread found.
[2025-05-19 09:40:50] ⚠️ Low contract count for ARKK, retrying...
[2025-05-19 09:40:52] [ARKK] No valid spread found.
[2025-05-19 09:40:52] ⏱ Waiting 5 minutes for next scan...
[2025-05-19 09:41:36] [SPY] No valid spread found.
[2025-05-19 09:43:01] [QQQ] No valid spread found.
[2025-05-19 09:43:02] ⚠️ Low contract count for TSLA, retrying...
[2025-05-19 09:43:04] [TSLA] No valid spread found.
[2025-05-19 09:43:04] ⚠️ Low contract count for AAPL, retrying...
[2025-05-19 09:43:06] [AAPL] No valid spread found.
[2025-05-19 09:43:06] ⚠️ Low contract count for MSFT, retrying...
[2025-05-19 09:43:08] [MSFT] No valid spread found.
[2025-05-19 09:43:12] ⚠️ Low contract count for NVDA, retrying...
[2025-05-19 09:43:14] [NVDA] No valid spread found.
[2025-05-19 09:43:14] ⚠️ Low contract count for META, retrying...
[2025-05-19 09:43:16] [META] No valid spread found.
[2025-05-19 09:43:16] ⚠️ Low contract count for AMZN, retrying...
[2025-05-19 09:43:18] [AMZN] No valid spread found.
[2025-05-19 09:43:18] ⚠️ Low contract count for AMD, retrying...
[2025-05-19 09:43:21] [AMD] No valid spread found.
[2025-05-19 09:43:21] ⚠️ Low contract count for GOOG, retrying...
[2025-05-19 09:43:23] [GOOG] No valid spread found.
[2025-05-19 09:43:23] ⚠️ Low contract count for BA, retrying...
[2025-05-19 09:43:25] [BA] No valid spread found.
[2025-05-19 09:43:25] ⚠️ Low contract count for XLF, retrying...
[2025-05-19 09:43:27] [XLF] No valid spread found.
[2025-05-19 09:43:28] ⚠️ Low contract count for XLK, retrying...
[2025-05-19 09:43:30] [XLK] No valid spread found.
[2025-05-19 09:43:30] ⚠️ Low contract count for DIA, retrying...
[2025-05-19 09:43:32] [DIA] No valid spread found.
[2025-05-19 09:43:52] ✅ IWM Spread placed: Credit $0.60, Width $1.00
[2025-05-19 09:43:52] ⚠️ Low contract count for XLE, retrying...
[2025-05-19 09:43:54] [XLE] No valid spread found.
[2025-05-19 09:43:55] ⚠️ Low contract count for XBI, retrying...
[2025-05-19 09:43:57] [XBI] No valid spread found.
[2025-05-19 09:43:57] ⚠️ Low contract count for TSM, retrying...
[2025-05-19 09:43:59] [TSM] No valid spread found.
[2025-05-19 09:43:59] ⚠️ Low contract count for GDX, retrying...
[2025-05-19 09:44:01] [GDX] No valid spread found.
[2025-05-19 09:44:01] ⚠️ Low contract count for ARKK, retrying...
[2025-05-19 09:44:03] [ARKK] No valid spread found.
[2025-05-19 09:44:03] ⏱ Waiting 5 minutes for next scan...
[2025-05-19 09:46:21] [SPY] No valid spread found.
[2025-05-19 09:46:46] [QQQ] No valid spread found.
[2025-05-19 09:46:46] ⚠️ Low contract count for TSLA, retrying...
[2025-05-19 09:46:49] [TSLA] No valid spread found.
[2025-05-19 09:46:49] ⚠️ Low contract count for AAPL, retrying...
[2025-05-19 09:46:51] [AAPL] No valid spread found.
[2025-05-19 09:46:51] ⚠️ Low contract count for MSFT, retrying...
[2025-05-19 09:46:53] [MSFT] No valid spread found.
[2025-05-19 09:46:53] ⚠️ Low contract count for NVDA, retrying...
[2025-05-19 09:46:55] [NVDA] No valid spread found.
[2025-05-19 09:46:55] ⚠️ Low contract count for META, retrying...
[2025-05-19 09:46:58] [META] No valid spread found.
[2025-05-19 09:46:58] ⚠️ Low contract count for AMZN, retrying...
[2025-05-19 09:47:00] [AMZN] No valid spread found.
[2025-05-19 09:47:00] ⚠️ Low contract count for AMD, retrying...
[2025-05-19 09:47:02] [AMD] No valid spread found.
[2025-05-19 09:47:02] ⚠️ Low contract count for GOOG, retrying...
[2025-05-19 09:47:04] [GOOG] No valid spread found.
[2025-05-19 09:47:08] ⚠️ Low contract count for BA, retrying...
[2025-05-19 09:47:10] [BA] No valid spread found.
[2025-05-19 09:47:10] ⚠️ Low contract count for XLF, retrying...
[2025-05-19 09:47:12] [XLF] No valid spread found.
[2025-05-19 09:47:12] ⚠️ Low contract count for XLK, retrying...
[2025-05-19 09:47:14] [XLK] No valid spread found.
[2025-05-19 09:47:14] ⚠️ Low contract count for DIA, retrying...
[2025-05-19 09:47:16] [DIA] No valid spread found.
[2025-05-19 09:47:28] ✅ IWM Spread placed: Credit $0.60, Width $1.00
[2025-05-19 09:47:28] ⚠️ Low contract count for XLE, retrying...
[2025-05-19 09:47:30] [XLE] No valid spread found.
[2025-05-19 09:47:30] ⚠️ Low contract count for XBI, retrying...
[2025-05-19 09:47:32] [XBI] No valid spread found.
[2025-05-19 09:47:32] ⚠️ Low contract count for TSM, retrying...
[2025-05-19 09:47:34] [TSM] No valid spread found.
[2025-05-19 09:47:35] ⚠️ Low contract count for GDX, retrying...
[2025-05-19 09:47:37] [GDX] No valid spread found.
[2025-05-19 09:47:37] ⚠️ Low contract count for ARKK, retrying...
[2025-05-19 09:47:39] [ARKK] No valid spread found.
[2025-05-19 09:47:39] ⏱ Waiting 5 minutes for next scan...
[2025-05-19 09:50:37] [SPY] No valid spread found.
[2025-05-19 09:52:46] [QQQ] No valid spread found.
[2025-05-19 09:52:47] ⚠️ Low contract count for TSLA, retrying...
[2025-05-19 09:52:49] [TSLA] No valid spread found.
[2025-05-19 09:52:49] ⚠️ Low contract count for AAPL, retrying...
[2025-05-19 09:52:51] [AAPL] No valid spread found.
[2025-05-19 09:52:51] ⚠️ Low contract count for MSFT, retrying...
[2025-05-19 09:52:53] [MSFT] No valid spread found.
[2025-05-19 09:52:54] ⚠️ Low contract count for NVDA, retrying...
[2025-05-19 09:52:56] [NVDA] No valid spread found.
[2025-05-19 09:52:56] ⚠️ Low contract count for META, retrying...
[2025-05-19 09:52:58] [META] No valid spread found.
[2025-05-19 09:52:58] ⚠️ Low contract count for AMZN, retrying...
[2025-05-19 09:53:00] [AMZN] No valid spread found.
[2025-05-19 09:53:00] ⚠️ Low contract count for AMD, retrying...
[2025-05-19 09:53:02] [AMD] No valid spread found.
[2025-05-19 09:53:03] ⚠️ Low contract count for GOOG, retrying...
[2025-05-19 09:53:05] [GOOG] No valid spread found.
[2025-05-19 09:53:05] ⚠️ Low contract count for BA, retrying...
[2025-05-19 09:53:07] [BA] No valid spread found.
[2025-05-19 09:53:07] ⚠️ Low contract count for XLF, retrying...
[2025-05-19 09:53:09] [XLF] No valid spread found.
[2025-05-19 09:53:09] ⚠️ Low contract count for XLK, retrying...
[2025-05-19 09:53:11] [XLK] No valid spread found.
[2025-05-19 09:53:11] ⚠️ Low contract count for DIA, retrying...
[2025-05-19 09:53:14] [DIA] No valid spread found.
[2025-05-19 09:53:55] ✅ IWM Spread placed: Credit $0.60, Width $1.00
[2025-05-19 09:53:59] ⚠️ Low contract count for XLE, retrying...
[2025-05-19 09:54:01] [XLE] No valid spread found.
[2025-05-19 09:54:01] ⚠️ Low contract count for XBI, retrying...
[2025-05-19 09:54:03] [XBI] No valid spread found.
[2025-05-19 09:54:03] ⚠️ Low contract count for TSM, retrying...
[2025-05-19 09:54:05] [TSM] No valid spread found.
[2025-05-19 09:54:05] ⚠️ Low contract count for GDX, retrying...
[2025-05-19 09:54:08] [GDX] No valid spread found.
[2025-05-19 09:54:08] ⚠️ Low contract count for ARKK, retrying...
[2025-05-19 09:54:10] [ARKK] No valid spread found.
[2025-05-19 09:54:10] ⏱ Waiting 5 minutes for next scan...
[2025-05-19 09:54:19] [SPY] No valid spread found.
[2025-05-19 09:55:18] [QQQ] No valid spread found.
[2025-05-19 09:55:18] ⚠️ Low contract count for TSLA, retrying...
[2025-05-19 09:55:20] [TSLA] No valid spread found.
[2025-05-19 09:55:20] ⚠️ Low contract count for AAPL, retrying...
[2025-05-19 09:55:22] [AAPL] No valid spread found.
[2025-05-19 09:55:22] ⚠️ Low contract count for MSFT, retrying...
[2025-05-19 09:55:25] [MSFT] No valid spread found.
[2025-05-19 09:55:25] ⚠️ Low contract count for NVDA, retrying...
[2025-05-19 09:55:27] [NVDA] No valid spread found.
[2025-05-19 09:55:27] ⚠️ Low contract count for META, retrying...
[2025-05-19 09:55:29] [META] No valid spread found.
[2025-05-19 09:55:29] ⚠️ Low contract count for AMZN, retrying...
[2025-05-19 09:55:31] [AMZN] No valid spread found.
[2025-05-19 09:55:31] ⚠️ Low contract count for AMD, retrying...
[2025-05-19 09:55:34] [AMD] No valid spread found.
[2025-05-19 09:55:34] ⚠️ Low contract count for GOOG, retrying...
[2025-05-19 09:55:36] [GOOG] No valid spread found.
[2025-05-19 09:55:36] ⚠️ Low contract count for BA, retrying...
[2025-05-19 09:55:38] [BA] No valid spread found.
[2025-05-19 09:55:38] ⚠️ Low contract count for XLF, retrying...
[2025-05-19 09:55:40] [XLF] No valid spread found.
[2025-05-19 09:55:40] ⚠️ Low contract count for XLK, retrying...
[2025-05-19 09:55:42] [XLK] No valid spread found.
[2025-05-19 09:55:43] ⚠️ Low contract count for DIA, retrying...
[2025-05-19 09:55:45] [DIA] No valid spread found.
[2025-05-19 09:55:47] ✅ IWM Spread placed: Credit $0.60, Width $1.00
[2025-05-19 09:55:47] ⚠️ Low contract count for XLE, retrying...
[2025-05-19 09:55:49] [XLE] No valid spread found.
[2025-05-19 09:55:49] ⚠️ Low contract count for XBI, retrying...
[2025-05-19 09:55:51] [XBI] No valid spread found.
[2025-05-19 09:55:51] ⚠️ Low contract count for TSM, retrying...
[2025-05-19 09:55:53] [TSM] No valid spread found.
[2025-05-19 09:55:54] ⚠️ Low contract count for GDX, retrying...
[2025-05-19 09:55:56] [GDX] No valid spread found.
[2025-05-19 09:55:56] ⚠️ Low contract count for ARKK, retrying...
[2025-05-19 09:55:58] [ARKK] No valid spread found.
[2025-05-19 09:55:58] ⏱ Waiting 5 minutes for next scan...
[2025-05-19 09:59:17] [SPY] No valid spread found.
[2025-05-19 09:59:51] [QQQ] No valid spread found.
[2025-05-19 09:59:51] ⚠️ Low contract count for TSLA, retrying...
[2025-05-19 09:59:54] [TSLA] No valid spread found.
[2025-05-19 09:59:54] ⚠️ Low contract count for AAPL, retrying...
[2025-05-19 09:59:56] [AAPL] No valid spread found.
[2025-05-19 09:59:56] ⚠️ Low contract count for MSFT, retrying...
[2025-05-19 09:59:58] [MSFT] No valid spread found.
[2025-05-19 09:59:58] ⚠️ Low contract count for NVDA, retrying...
[2025-05-19 10:00:00] [NVDA] No valid spread found.
[2025-05-19 10:00:00] ⚠️ Low contract count for META, retrying...
[2025-05-19 10:00:03] [META] No valid spread found.
[2025-05-19 10:00:03] ⚠️ Low contract count for AMZN, retrying...
[2025-05-19 10:00:05] [AMZN] No valid spread found.
[2025-05-19 10:00:05] ⚠️ Low contract count for AMD, retrying...
[2025-05-19 10:00:07] [AMD] No valid spread found.
[2025-05-19 10:00:07] ⚠️ Low contract count for GOOG, retrying...
[2025-05-19 10:00:09] [GOOG] No valid spread found.
[2025-05-19 10:00:09] ⚠️ Low contract count for BA, retrying...
[2025-05-19 10:00:11] [BA] No valid spread found.
[2025-05-19 10:00:12] ⚠️ Low contract count for XLF, retrying...
[2025-05-19 10:00:14] [XLF] No valid spread found.
[2025-05-19 10:00:14] ⚠️ Low contract count for XLK, retrying...
[2025-05-19 10:00:16] [XLK] No valid spread found.
[2025-05-19 10:00:16] ⚠️ Low contract count for DIA, retrying...
[2025-05-19 10:00:18] [DIA] No valid spread found.
[2025-05-19 10:00:32] ✅ IWM Spread placed: Credit $0.60, Width $1.00
[2025-05-19 10:00:35] ⚠️ Low contract count for XLE, retrying...
[2025-05-19 10:00:38] [XLE] No valid spread found.
[2025-05-19 10:00:38] ⚠️ Low contract count for XBI, retrying...
[2025-05-19 10:00:40] [XBI] No valid spread found.
[2025-05-19 10:00:40] ⚠️ Low contract count for TSM, retrying...
[2025-05-19 10:00:42] [TSM] No valid spread found.
[2025-05-19 10:00:42] ⚠️ Low contract count for GDX, retrying...
[2025-05-19 10:00:44] [GDX] No valid spread found.
[2025-05-19 10:00:44] ⚠️ Low contract count for ARKK, retrying...
[2025-05-19 10:00:46] [ARKK] No valid spread found.
[2025-05-19 10:00:46] ⏱ Waiting 5 minutes for next scan...
[2025-05-19 10:01:53] [SPY] No valid spread found.
[2025-05-19 10:02:52] [QQQ] No valid spread found.
[2025-05-19 10:02:52] ⚠️ Low contract count for TSLA, retrying...
[2025-05-19 10:02:54] [TSLA] No valid spread found.
[2025-05-19 10:02:54] ⚠️ Low contract count for AAPL, retrying...
[2025-05-19 10:02:56] [AAPL] No valid spread found.
[2025-05-19 10:02:57] ⚠️ Low contract count for MSFT, retrying...
[2025-05-19 10:02:59] [MSFT] No valid spread found.
[2025-05-19 10:02:59] ⚠️ Low contract count for NVDA, retrying...
[2025-05-19 10:03:01] [NVDA] No valid spread found.
[2025-05-19 10:03:01] ⚠️ Low contract count for META, retrying...
[2025-05-19 10:03:03] [META] No valid spread found.
[2025-05-19 10:03:03] ⚠️ Low contract count for AMZN, retrying...
[2025-05-19 10:03:05] [AMZN] No valid spread found.
[2025-05-19 10:03:06] ⚠️ Low contract count for AMD, retrying...
[2025-05-19 10:03:08] [AMD] No valid spread found.
[2025-05-19 10:03:08] ⚠️ Low contract count for GOOG, retrying...
[2025-05-19 10:03:10] [GOOG] No valid spread found.
[2025-05-19 10:03:10] ⚠️ Low contract count for BA, retrying...
[2025-05-19 10:03:12] [BA] No valid spread found.
[2025-05-19 10:03:12] ⚠️ Low contract count for XLF, retrying...
[2025-05-19 10:03:14] [XLF] No valid spread found.
[2025-05-19 10:03:15] ⚠️ Low contract count for XLK, retrying...
[2025-05-19 10:03:17] [XLK] No valid spread found.
[2025-05-19 10:03:17] ⚠️ Low contract count for DIA, retrying...
[2025-05-19 10:03:19] [DIA] No valid spread found.
[2025-05-19 10:03:21] ✅ IWM Spread placed: Credit $0.60, Width $1.00
[2025-05-19 10:03:21] ⚠️ Low contract count for XLE, retrying...
[2025-05-19 10:03:23] [XLE] No valid spread found.
[2025-05-19 10:03:23] ⚠️ Low contract count for XBI, retrying...
[2025-05-19 10:03:25] [XBI] No valid spread found.
[2025-05-19 10:03:26] ⚠️ Low contract count for TSM, retrying...
[2025-05-19 10:03:28] [TSM] No valid spread found.
[2025-05-19 10:03:28] ⚠️ Low contract count for GDX, retrying...
[2025-05-19 10:03:30] [GDX] No valid spread found.
[2025-05-19 10:03:30] ⚠️ Low contract count for ARKK, retrying...
[2025-05-19 10:03:32] [ARKK] No valid spread found.
[2025-05-19 10:03:32] ⏱ Waiting 5 minutes for next scan...
[2025-05-19 10:06:53] [SPY] No valid spread found.
[2025-05-19 10:07:24] [QQQ] No valid spread found.
[2025-05-19 10:07:24] ⚠️ Low contract count for TSLA, retrying...
[2025-05-19 10:07:26] [TSLA] No valid spread found.
[2025-05-19 10:07:26] ⚠️ Low contract count for AAPL, retrying...
[2025-05-19 10:07:28] [AAPL] No valid spread found.
[2025-05-19 10:07:28] ⚠️ Low contract count for MSFT, retrying...
[2025-05-19 10:07:31] [MSFT] No valid spread found.
[2025-05-19 10:07:31] ⚠️ Low contract count for NVDA, retrying...
[2025-05-19 10:07:33] [NVDA] No valid spread found.
[2025-05-19 10:07:33] ⚠️ Low contract count for META, retrying...
[2025-05-19 10:07:35] [META] No valid spread found.
[2025-05-19 10:07:35] ⚠️ Low contract count for AMZN, retrying...
[2025-05-19 10:07:37] [AMZN] No valid spread found.
[2025-05-19 10:07:38] ⚠️ Low contract count for AMD, retrying...
[2025-05-19 10:07:40] [AMD] No valid spread found.
[2025-05-19 10:07:40] ⚠️ Low contract count for GOOG, retrying...
[2025-05-19 10:07:42] [GOOG] No valid spread found.
[2025-05-19 10:07:42] ⚠️ Low contract count for BA, retrying...
[2025-05-19 10:07:44] [BA] No valid spread found.
[2025-05-19 10:07:44] ⚠️ Low contract count for XLF, retrying...
[2025-05-19 10:07:46] [XLF] No valid spread found.
[2025-05-19 10:07:47] ⚠️ Low contract count for XLK, retrying...
[2025-05-19 10:07:49] [XLK] No valid spread found.
[2025-05-19 10:07:49] ⚠️ Low contract count for DIA, retrying...
[2025-05-19 10:07:51] [DIA] No valid spread found.
[2025-05-19 10:07:53] ✅ IWM Spread placed: Credit $0.60, Width $1.00
[2025-05-19 10:07:53] ⚠️ Low contract count for XLE, retrying...
[2025-05-19 10:07:55] [XLE] No valid spread found.
[2025-05-19 10:07:56] ⚠️ Low contract count for XBI, retrying...
[2025-05-19 10:07:58] [XBI] No valid spread found.
[2025-05-19 10:07:58] ⚠️ Low contract count for TSM, retrying...
[2025-05-19 10:08:00] [TSM] No valid spread found.
[2025-05-19 10:08:00] ⚠️ Low contract count for GDX, retrying...
[2025-05-19 10:08:02] [GDX] No valid spread found.
[2025-05-19 10:08:03] ⚠️ Low contract count for ARKK, retrying...
[2025-05-19 10:08:05] [ARKK] No valid spread found.
[2025-05-19 10:08:05] ⏱ Waiting 5 minutes for next scan...
[2025-05-19 10:08:52] [SPY] No valid spread found.
[2025-05-19 10:09:57] [QQQ] No valid spread found.
[2025-05-19 10:09:57] ⚠️ Low contract count for TSLA, retrying...
[2025-05-19 10:09:59] [TSLA] No valid spread found.
[2025-05-19 10:09:59] ⚠️ Low contract count for AAPL, retrying...
[2025-05-19 10:10:02] [AAPL] No valid spread found.
[2025-05-19 10:10:02] ⚠️ Low contract count for MSFT, retrying...
[2025-05-19 10:10:04] [MSFT] No valid spread found.
[2025-05-19 10:10:04] ⚠️ Low contract count for NVDA, retrying...
[2025-05-19 10:10:06] [NVDA] No valid spread found.
[2025-05-19 10:10:06] ⚠️ Low contract count for META, retrying...
[2025-05-19 10:10:08] [META] No valid spread found.
[2025-05-19 10:10:08] ⚠️ Low contract count for AMZN, retrying...
[2025-05-19 10:10:11] [AMZN] No valid spread found.
[2025-05-19 10:10:11] ⚠️ Low contract count for AMD, retrying...
[2025-05-19 10:10:13] [AMD] No valid spread found.
[2025-05-19 10:10:13] ⚠️ Low contract count for GOOG, retrying...
[2025-05-19 10:10:15] [GOOG] No valid spread found.
[2025-05-19 10:10:15] ⚠️ Low contract count for BA, retrying...
[2025-05-19 10:10:17] [BA] No valid spread found.
[2025-05-19 10:10:17] ⚠️ Low contract count for XLF, retrying...
[2025-05-19 10:10:19] [XLF] No valid spread found.
[2025-05-19 10:10:20] ⚠️ Low contract count for XLK, retrying...
[2025-05-19 10:10:22] [XLK] No valid spread found.
[2025-05-19 10:10:22] ⚠️ Low contract count for DIA, retrying...
[2025-05-19 10:10:24] [DIA] No valid spread found.
[2025-05-19 10:10:44] ✅ IWM Spread placed: Credit $0.60, Width $1.00
[2025-05-19 10:10:47] ⚠️ Low contract count for XLE, retrying...
[2025-05-19 10:10:50] [XLE] No valid spread found.
[2025-05-19 10:10:50] ⚠️ Low contract count for XBI, retrying...
[2025-05-19 10:10:52] [XBI] No valid spread found.
[2025-05-19 10:10:52] ⚠️ Low contract count for TSM, retrying...
[2025-05-19 10:10:54] [TSM] No valid spread found.
[2025-05-19 10:10:54] ⚠️ Low contract count for GDX, retrying...
[2025-05-19 10:10:56] [GDX] No valid spread found.
[2025-05-19 10:10:56] ⚠️ Low contract count for ARKK, retrying...
[2025-05-19 10:10:58] [ARKK] No valid spread found.
[2025-05-19 10:10:58] ⏱ Waiting 5 minutes for next scan...
[2025-05-19 10:14:17] [SPY] No valid spread found.
[2025-05-19 10:15:16] [QQQ] No valid spread found.
[2025-05-19 10:15:16] ⚠️ Low contract count for TSLA, retrying...
[2025-05-19 10:15:18] [TSLA] No valid spread found.
[2025-05-19 10:15:18] ⚠️ Low contract count for AAPL, retrying...
[2025-05-19 10:15:20] [AAPL] No valid spread found.
[2025-05-19 10:15:20] ⚠️ Low contract count for MSFT, retrying...
[2025-05-19 10:15:22] [MSFT] No valid spread found.
[2025-05-19 10:15:23] ⚠️ Low contract count for NVDA, retrying...
[2025-05-19 10:15:25] [NVDA] No valid spread found.
[2025-05-19 10:15:25] ⚠️ Low contract count for META, retrying...
[2025-05-19 10:15:27] [META] No valid spread found.
[2025-05-19 10:15:27] ⚠️ Low contract count for AMZN, retrying...
[2025-05-19 10:15:29] [AMZN] No valid spread found.
[2025-05-19 10:15:29] ⚠️ Low contract count for AMD, retrying...
[2025-05-19 10:15:31] [AMD] No valid spread found.
[2025-05-19 10:15:32] ⚠️ Low contract count for GOOG, retrying...
[2025-05-19 10:15:34] [GOOG] No valid spread found.
[2025-05-19 10:15:34] ⚠️ Low contract count for BA, retrying...
[2025-05-19 10:15:36] [BA] No valid spread found.
[2025-05-19 10:15:36] ⚠️ Low contract count for XLF, retrying...
[2025-05-19 10:15:38] [XLF] No valid spread found.
[2025-05-19 10:15:38] ⚠️ Low contract count for XLK, retrying...
[2025-05-19 10:15:40] [XLK] No valid spread found.
[2025-05-19 10:15:40] ⚠️ Low contract count for DIA, retrying...
[2025-05-19 10:15:43] [DIA] No valid spread found.
[2025-05-19 10:15:57] ✅ IWM Spread placed: Credit $0.60, Width $1.00
[2025-05-19 10:15:57] ⚠️ Low contract count for XLE, retrying...
[2025-05-19 10:15:59] [XLE] No valid spread found.
[2025-05-19 10:15:59] ⚠️ Low contract count for XBI, retrying...
[2025-05-19 10:16:01] [XBI] No valid spread found.
[2025-05-19 10:16:01] ⚠️ Low contract count for TSM, retrying...
[2025-05-19 10:16:03] [TSM] No valid spread found.
[2025-05-19 10:16:04] ⚠️ Low contract count for GDX, retrying...
[2025-05-19 10:16:06] [GDX] No valid spread found.
[2025-05-19 10:16:06] ⚠️ Low contract count for ARKK, retrying...
[2025-05-19 10:16:08] [ARKK] No valid spread found.
[2025-05-19 10:16:08] ⏱ Waiting 5 minutes for next scan...
[2025-05-19 10:16:43] [SPY] No valid spread found.
[2025-05-19 10:17:32] [QQQ] No valid spread found.
[2025-05-19 10:17:33] ⚠️ Low contract count for TSLA, retrying...
[2025-05-19 10:17:35] [TSLA] No valid spread found.
[2025-05-19 10:17:35] ⚠️ Low contract count for AAPL, retrying...
[2025-05-19 10:17:37] [AAPL] No valid spread found.
[2025-05-19 10:17:37] ⚠️ Low contract count for MSFT, retrying...
[2025-05-19 10:17:39] [MSFT] No valid spread found.
[2025-05-19 10:17:39] ⚠️ Low contract count for NVDA, retrying...
[2025-05-19 10:17:41] [NVDA] No valid spread found.
[2025-05-19 10:17:42] ⚠️ Low contract count for META, retrying...
[2025-05-19 10:17:44] [META] No valid spread found.
[2025-05-19 10:17:44] ⚠️ Low contract count for AMZN, retrying...
[2025-05-19 10:17:46] [AMZN] No valid spread found.
[2025-05-19 10:17:46] ⚠️ Low contract count for AMD, retrying...
[2025-05-19 10:17:48] [AMD] No valid spread found.
[2025-05-19 10:17:48] ⚠️ Low contract count for GOOG, retrying...
[2025-05-19 10:17:50] [GOOG] No valid spread found.
[2025-05-19 10:17:51] ⚠️ Low contract count for BA, retrying...
[2025-05-19 10:17:53] [BA] No valid spread found.
[2025-05-19 10:17:53] ⚠️ Low contract count for XLF, retrying...
[2025-05-19 10:17:55] [XLF] No valid spread found.
[2025-05-19 10:17:55] ⚠️ Low contract count for XLK, retrying...
[2025-05-19 10:17:57] [XLK] No valid spread found.
[2025-05-19 10:17:57] ⚠️ Low contract count for DIA, retrying...
[2025-05-19 10:17:59] [DIA] No valid spread found.
[2025-05-19 10:18:20] ✅ IWM Spread placed: Credit $0.60, Width $1.00
[2025-05-19 10:18:23] ⚠️ Low contract count for XLE, retrying...
[2025-05-19 10:18:25] [XLE] No valid spread found.
[2025-05-19 10:18:25] ⚠️ Low contract count for XBI, retrying...
[2025-05-19 10:18:27] [XBI] No valid spread found.
[2025-05-19 10:18:27] ⚠️ Low contract count for TSM, retrying...
[2025-05-19 10:18:29] [TSM] No valid spread found.
[2025-05-19 10:18:30] ⚠️ Low contract count for GDX, retrying...
[2025-05-19 10:18:32] [GDX] No valid spread found.
[2025-05-19 10:18:32] ⚠️ Low contract count for ARKK, retrying...
[2025-05-19 10:18:34] [ARKK] No valid spread found.
[2025-05-19 10:18:34] ⏱ Waiting 5 minutes for next scan...
[2025-05-19 10:22:01] [SPY] No valid spread found.
[2025-05-19 10:22:29] [QQQ] No valid spread found.
[2025-05-19 10:22:29] ⚠️ Low contract count for TSLA, retrying...
[2025-05-19 10:22:31] [TSLA] No valid spread found.
[2025-05-19 10:22:31] ⚠️ Low contract count for AAPL, retrying...
[2025-05-19 10:22:33] [AAPL] No valid spread found.
[2025-05-19 10:22:33] ⚠️ Low contract count for MSFT, retrying...
[2025-05-19 10:22:36] [MSFT] No valid spread found.
[2025-05-19 10:22:36] ⚠️ Low contract count for NVDA, retrying...
[2025-05-19 10:22:38] [NVDA] No valid spread found.
[2025-05-19 10:22:38] ⚠️ Low contract count for META, retrying...
[2025-05-19 10:22:40] [META] No valid spread found.
[2025-05-19 10:22:40] ⚠️ Low contract count for AMZN, retrying...
[2025-05-19 10:22:42] [AMZN] No valid spread found.
[2025-05-19 10:22:42] ⚠️ Low contract count for AMD, retrying...
[2025-05-19 10:22:45] [AMD] No valid spread found.
[2025-05-19 10:22:45] ⚠️ Low contract count for GOOG, retrying...
[2025-05-19 10:22:47] [GOOG] No valid spread found.
[2025-05-19 10:22:47] ⚠️ Low contract count for BA, retrying...
[2025-05-19 10:22:49] [BA] No valid spread found.
[2025-05-19 10:22:49] ⚠️ Low contract count for XLF, retrying...
[2025-05-19 10:22:51] [XLF] No valid spread found.
[2025-05-19 10:22:51] ⚠️ Low contract count for XLK, retrying...
[2025-05-19 10:22:54] [XLK] No valid spread found.
[2025-05-19 10:22:54] ⚠️ Low contract count for DIA, retrying...
[2025-05-19 10:22:56] [DIA] No valid spread found.
[2025-05-19 10:23:10] ✅ IWM Spread placed: Credit $0.60, Width $1.00
[2025-05-19 10:23:11] ⚠️ Low contract count for XLE, retrying...
[2025-05-19 10:23:13] [XLE] No valid spread found.
[2025-05-19 10:23:13] ⚠️ Low contract count for XBI, retrying...
[2025-05-19 10:23:15] [XBI] No valid spread found.
[2025-05-19 10:23:15] ⚠️ Low contract count for TSM, retrying...
[2025-05-19 10:23:17] [TSM] No valid spread found.
[2025-05-19 10:23:17] ⚠️ Low contract count for GDX, retrying...
[2025-05-19 10:23:19] [GDX] No valid spread found.
[2025-05-19 10:23:20] ⚠️ Low contract count for ARKK, retrying...
[2025-05-19 10:23:22] [ARKK] No valid spread found.
[2025-05-19 10:23:22] ⏱ Waiting 5 minutes for next scan...
[2025-05-19 10:23:41] [SPY] No valid spread found.
[2025-05-19 10:24:06] [QQQ] No valid spread found.
[2025-05-19 10:24:06] ⚠️ Low contract count for TSLA, retrying...
[2025-05-19 10:24:08] [TSLA] No valid spread found.
[2025-05-19 10:24:08] ⚠️ Low contract count for AAPL, retrying...
[2025-05-19 10:24:10] [AAPL] No valid spread found.
[2025-05-19 10:24:11] ⚠️ Low contract count for MSFT, retrying...
[2025-05-19 10:24:13] [MSFT] No valid spread found.
[2025-05-19 10:24:13] ⚠️ Low contract count for NVDA, retrying...
[2025-05-19 10:24:15] [NVDA] No valid spread found.
[2025-05-19 10:24:15] ⚠️ Low contract count for META, retrying...
[2025-05-19 10:24:17] [META] No valid spread found.
[2025-05-19 10:24:17] ⚠️ Low contract count for AMZN, retrying...
[2025-05-19 10:24:19] [AMZN] No valid spread found.
[2025-05-19 10:24:20] ⚠️ Low contract count for AMD, retrying...
[2025-05-19 10:24:22] [AMD] No valid spread found.
[2025-05-19 10:24:22] ⚠️ Low contract count for GOOG, retrying...
[2025-05-19 10:24:24] [GOOG] No valid spread found.
[2025-05-19 10:24:24] ⚠️ Low contract count for BA, retrying...
[2025-05-19 10:24:26] [BA] No valid spread found.
[2025-05-19 10:24:26] ⚠️ Low contract count for XLF, retrying...
[2025-05-19 10:24:28] [XLF] No valid spread found.
[2025-05-19 10:24:29] ⚠️ Low contract count for XLK, retrying...
[2025-05-19 10:24:31] [XLK] No valid spread found.
[2025-05-19 10:24:34] ⚠️ Low contract count for DIA, retrying...
[2025-05-19 10:24:36] [DIA] No valid spread found.
[2025-05-19 10:24:47] ✅ IWM Spread placed: Credit $0.60, Width $1.00
[2025-05-19 10:24:50] ⚠️ Low contract count for XLE, retrying...
[2025-05-19 10:24:52] [XLE] No valid spread found.
[2025-05-19 10:24:52] ⚠️ Low contract count for XBI, retrying...
[2025-05-19 10:24:55] [XBI] No valid spread found.
[2025-05-19 10:24:55] ⚠️ Low contract count for TSM, retrying...
[2025-05-19 10:24:57] [TSM] No valid spread found.
[2025-05-19 10:24:57] ⚠️ Low contract count for GDX, retrying...
[2025-05-19 10:24:59] [GDX] No valid spread found.
[2025-05-19 10:24:59] ⚠️ Low contract count for ARKK, retrying...
[2025-05-19 10:25:01] [ARKK] No valid spread found.
[2025-05-19 10:25:01] ⏱ Waiting 5 minutes for next scan...
[2025-05-19 10:31:40] [SPY] No valid spread found.
[2025-05-19 10:31:49] ❌ Failed to get prices: {"message": "too many requests."}

[2025-05-19 10:31:49] [QQQ] No valid spread found.
[2025-05-19 10:31:53] ⚠️ Low contract count for TSLA, retrying...
[2025-05-19 10:31:55] [TSLA] No valid spread found.
[2025-05-19 10:31:55] ⚠️ Low contract count for AAPL, retrying...
[2025-05-19 10:31:57] [AAPL] No valid spread found.
[2025-05-19 10:31:57] ⚠️ Low contract count for MSFT, retrying...
Traceback (most recent call last):
  File "/openhands/poetry/openhands-ai-5O4_aCHf-py3.12/lib/python3.12/site-packages/alpaca/common/rest.py", line 198, in _one_request
    response.raise_for_status()
  File "/openhands/poetry/openhands-ai-5O4_aCHf-py3.12/lib/python3.12/site-packages/requests/models.py", line 1024, in raise_for_status
    raise HTTPError(http_error_msg, response=self)
requests.exceptions.HTTPError: 429 Client Error: Too Many Requests for url: https://data.alpaca.markets/v1beta1/options/quotes/latest?symbols=SPY250519P00536000

During handling of the above exception, another exception occurred:

Traceback (most recent call last):
  File "/workspace/0dte/src/main.py", line 226, in <module>
    limit_price=round(credit, 2),
        ^^^^^^^^^^^^^^^^^^^^^^^^^^
  File "/workspace/0dte/src/main.py", line 174, in trade
    if len(contracts) < 5:
                ^^^^^^^^^^^
  File "/openhands/poetry/openhands-ai-5O4_aCHf-py3.12/lib/python3.12/site-packages/alpaca/data/historical/option.py", line 127, in get_option_latest_quote
    raw_latest_quotes = self._get_marketdata(
                        ^^^^^^^^^^^^^^^^^^^^^
  File "/openhands/poetry/openhands-ai-5O4_aCHf-py3.12/lib/python3.12/site-packages/alpaca/common/rest.py", line 393, in _get_marketdata
    response = self.get(path=path, data=params)
               ^^^^^^^^^^^^^^^^^^^^^^^^^^^^^^^^
  File "/openhands/poetry/openhands-ai-5O4_aCHf-py3.12/lib/python3.12/site-packages/alpaca/common/rest.py", line 225, in get
    return self._request("GET", path, data, **kwargs)
           ^^^^^^^^^^^^^^^^^^^^^^^^^^^^^^^^^^^^^^^^^^
  File "/openhands/poetry/openhands-ai-5O4_aCHf-py3.12/lib/python3.12/site-packages/alpaca/common/rest.py", line 131, in _request
    return self._one_request(method, url, opts, retry)
           ^^^^^^^^^^^^^^^^^^^^^^^^^^^^^^^^^^^^^^^^^^^
  File "/openhands/poetry/openhands-ai-5O4_aCHf-py3.12/lib/python3.12/site-packages/alpaca/common/rest.py", line 207, in _one_request
    raise APIError(error, http_error)
alpaca.common.exceptions.APIError: {"message": "too many requests."}

[2025-05-19 10:31:59] [MSFT] No valid spread found.
[2025-05-19 10:31:59] ⚠️ Low contract count for NVDA, retrying...
[2025-05-19 10:32:01] [NVDA] No valid spread found.
[2025-05-19 10:32:02] ⚠️ Low contract count for META, retrying...
[2025-05-19 10:32:04] [META] No valid spread found.
[2025-05-19 10:32:04] ⚠️ Low contract count for AMZN, retrying...
[2025-05-19 10:32:06] [AMZN] No valid spread found.
[2025-05-19 10:32:06] ⚠️ Low contract count for AMD, retrying...
[2025-05-19 10:32:08] [AMD] No valid spread found.
[2025-05-19 10:32:08] ⚠️ Low contract count for GOOG, retrying...
[2025-05-19 10:32:10] [GOOG] No valid spread found.
[2025-05-19 10:32:17] ⚠️ Low contract count for BA, retrying...
[2025-05-19 10:32:19] [BA] No valid spread found.
[2025-05-19 10:32:19] ⚠️ Low contract count for XLF, retrying...
[2025-05-19 10:32:21] [XLF] No valid spread found.
[2025-05-19 10:32:21] ⚠️ Low contract count for XLK, retrying...
[2025-05-19 10:32:23] [XLK] No valid spread found.
[2025-05-19 10:32:24] ⚠️ Low contract count for DIA, retrying...
[2025-05-19 10:32:26] [DIA] No valid spread found.
[2025-05-19 10:32:40] ✅ IWM Spread placed: Credit $0.60, Width $1.00
[2025-05-19 10:32:43] ⚠️ Low contract count for XLE, retrying...
[2025-05-19 10:32:45] [XLE] No valid spread found.
[2025-05-19 10:32:45] ⚠️ Low contract count for XBI, retrying...
[2025-05-19 10:32:47] [XBI] No valid spread found.
[2025-05-19 10:32:47] ⚠️ Low contract count for TSM, retrying...
[2025-05-19 10:32:49] [TSM] No valid spread found.
[2025-05-19 10:32:50] ⚠️ Low contract count for GDX, retrying...
[2025-05-19 10:32:52] [GDX] No valid spread found.
[2025-05-19 10:32:52] ⚠️ Low contract count for ARKK, retrying...
[2025-05-19 10:32:54] [ARKK] No valid spread found.
[2025-05-19 10:32:54] ⏱ Waiting 5 minutes for next scan...
[2025-05-19 10:38:57] [SPY] No valid spread found.
[2025-05-19 10:40:33] [QQQ] No valid spread found.
[2025-05-19 10:40:33] ⚠️ Low contract count for TSLA, retrying...
[2025-05-19 10:40:35] [TSLA] No valid spread found.
[2025-05-19 10:40:35] ⚠️ Low contract count for AAPL, retrying...
[2025-05-19 10:40:37] [AAPL] No valid spread found.
[2025-05-19 10:40:38] ⚠️ Low contract count for MSFT, retrying...
[2025-05-19 10:40:40] [MSFT] No valid spread found.
[2025-05-19 10:40:40] ⚠️ Low contract count for NVDA, retrying...
[2025-05-19 10:40:42] [NVDA] No valid spread found.
[2025-05-19 10:40:42] ⚠️ Low contract count for META, retrying...
[2025-05-19 10:40:44] [META] No valid spread found.
[2025-05-19 10:40:44] ⚠️ Low contract count for AMZN, retrying...
[2025-05-19 10:40:46] [AMZN] No valid spread found.
[2025-05-19 10:40:47] ⚠️ Low contract count for AMD, retrying...
[2025-05-19 10:40:49] [AMD] No valid spread found.
[2025-05-19 10:40:49] ⚠️ Low contract count for GOOG, retrying...
[2025-05-19 10:40:51] [GOOG] No valid spread found.
[2025-05-19 10:40:51] ⚠️ Low contract count for BA, retrying...
[2025-05-19 10:40:53] [BA] No valid spread found.
[2025-05-19 10:40:53] ⚠️ Low contract count for XLF, retrying...
[2025-05-19 10:40:55] [XLF] No valid spread found.
[2025-05-19 10:40:59] ⚠️ Low contract count for XLK, retrying...
[2025-05-19 10:41:01] [XLK] No valid spread found.
[2025-05-19 10:41:01] ⚠️ Low contract count for DIA, retrying...
[2025-05-19 10:41:03] [DIA] No valid spread found.
[2025-05-19 10:41:42] ✅ IWM Spread placed: Credit $0.60, Width $1.00
[2025-05-19 10:41:42] ⚠️ Low contract count for XLE, retrying...
[2025-05-19 10:41:44] [XLE] No valid spread found.
[2025-05-19 10:41:44] ⚠️ Low contract count for XBI, retrying...
[2025-05-19 10:41:46] [XBI] No valid spread found.
[2025-05-19 10:41:46] ⚠️ Low contract count for TSM, retrying...
[2025-05-19 10:41:49] [TSM] No valid spread found.
[2025-05-19 10:41:49] ⚠️ Low contract count for GDX, retrying...
[2025-05-19 10:41:51] [GDX] No valid spread found.
[2025-05-19 10:41:51] ⚠️ Low contract count for ARKK, retrying...
[2025-05-19 10:41:53] [ARKK] No valid spread found.
[2025-05-19 10:41:53] ⏱ Waiting 5 minutes for next scan...
[2025-05-19 10:47:44] [SPY] No valid spread found.
[2025-05-19 10:48:21] [QQQ] No valid spread found.
[2025-05-19 10:48:21] ⚠️ Low contract count for TSLA, retrying...
[2025-05-19 10:48:23] [TSLA] No valid spread found.
[2025-05-19 10:48:23] ⚠️ Low contract count for AAPL, retrying...
[2025-05-19 10:48:25] [AAPL] No valid spread found.
[2025-05-19 10:48:25] ⚠️ Low contract count for MSFT, retrying...
[2025-05-19 10:48:28] [MSFT] No valid spread found.
[2025-05-19 10:48:28] ⚠️ Low contract count for NVDA, retrying...
[2025-05-19 10:48:30] [NVDA] No valid spread found.
[2025-05-19 10:48:30] ⚠️ Low contract count for META, retrying...
[2025-05-19 10:48:32] [META] No valid spread found.
[2025-05-19 10:48:32] ⚠️ Low contract count for AMZN, retrying...
[2025-05-19 10:48:34] [AMZN] No valid spread found.
[2025-05-19 10:48:35] ⚠️ Low contract count for AMD, retrying...
[2025-05-19 10:48:37] [AMD] No valid spread found.
[2025-05-19 10:48:37] ⚠️ Low contract count for GOOG, retrying...
[2025-05-19 10:48:39] [GOOG] No valid spread found.
[2025-05-19 10:48:39] ⚠️ Low contract count for BA, retrying...
[2025-05-19 10:48:41] [BA] No valid spread found.
[2025-05-19 10:48:41] ⚠️ Low contract count for XLF, retrying...
[2025-05-19 10:48:43] [XLF] No valid spread found.
[2025-05-19 10:48:44] ⚠️ Low contract count for XLK, retrying...
[2025-05-19 10:48:46] [XLK] No valid spread found.
[2025-05-19 10:48:46] ⚠️ Low contract count for DIA, retrying...
[2025-05-19 10:48:48] [DIA] No valid spread found.
[2025-05-19 10:49:12] ✅ IWM Spread placed: Credit $0.60, Width $1.00
[2025-05-19 10:49:12] ⚠️ Low contract count for XLE, retrying...
[2025-05-19 10:49:14] [XLE] No valid spread found.
[2025-05-19 10:49:14] ⚠️ Low contract count for XBI, retrying...
[2025-05-19 10:49:17] [XBI] No valid spread found.
[2025-05-19 10:49:17] ⚠️ Low contract count for TSM, retrying...
[2025-05-19 10:49:19] [TSM] No valid spread found.
[2025-05-19 10:49:19] ⚠️ Low contract count for GDX, retrying...
[2025-05-19 10:49:21] [GDX] No valid spread found.
[2025-05-19 10:49:21] ⚠️ Low contract count for ARKK, retrying...
[2025-05-19 10:49:23] [ARKK] No valid spread found.
[2025-05-19 10:49:23] ⏱ Waiting 5 minutes for next scan...
[2025-05-19 10:55:23] [SPY] No valid spread found.
[2025-05-19 10:56:23] [QQQ] No valid spread found.
[2025-05-19 10:56:26] ⚠️ Low contract count for TSLA, retrying...
[2025-05-19 10:56:28] [TSLA] No valid spread found.
[2025-05-19 10:56:28] ⚠️ Low contract count for AAPL, retrying...
[2025-05-19 10:56:30] [AAPL] No valid spread found.
[2025-05-19 10:56:31] ⚠️ Low contract count for MSFT, retrying...
[2025-05-19 10:56:33] [MSFT] No valid spread found.
[2025-05-19 10:56:33] ⚠️ Low contract count for NVDA, retrying...
[2025-05-19 10:56:35] [NVDA] No valid spread found.
[2025-05-19 10:56:35] ⚠️ Low contract count for META, retrying...
[2025-05-19 10:56:37] [META] No valid spread found.
[2025-05-19 10:56:37] ⚠️ Low contract count for AMZN, retrying...
[2025-05-19 10:56:39] [AMZN] No valid spread found.
[2025-05-19 10:56:40] ⚠️ Low contract count for AMD, retrying...
[2025-05-19 10:56:42] [AMD] No valid spread found.
[2025-05-19 10:56:42] ⚠️ Low contract count for GOOG, retrying...
[2025-05-19 10:56:44] [GOOG] No valid spread found.
[2025-05-19 10:56:44] ⚠️ Low contract count for BA, retrying...
[2025-05-19 10:56:46] [BA] No valid spread found.
[2025-05-19 10:56:46] ⚠️ Low contract count for XLF, retrying...
[2025-05-19 10:56:48] [XLF] No valid spread found.
[2025-05-19 10:56:49] ⚠️ Low contract count for XLK, retrying...
[2025-05-19 10:56:51] [XLK] No valid spread found.
[2025-05-19 10:56:51] ⚠️ Low contract count for DIA, retrying...
[2025-05-19 10:56:53] [DIA] No valid spread found.
[2025-05-19 10:57:01] ✅ IWM Spread placed: Credit $0.60, Width $1.00
[2025-05-19 10:57:01] ⚠️ Low contract count for XLE, retrying...
[2025-05-19 10:57:03] [XLE] No valid spread found.
[2025-05-19 10:57:03] ⚠️ Low contract count for XBI, retrying...
[2025-05-19 10:57:05] [XBI] No valid spread found.
[2025-05-19 10:57:05] ⚠️ Low contract count for TSM, retrying...
[2025-05-19 10:57:08] [TSM] No valid spread found.
[2025-05-19 10:57:08] ⚠️ Low contract count for GDX, retrying...
[2025-05-19 10:57:10] [GDX] No valid spread found.
[2025-05-19 10:57:10] ⚠️ Low contract count for ARKK, retrying...
[2025-05-19 10:57:12] [ARKK] No valid spread found.
[2025-05-19 10:57:12] ⏱ Waiting 5 minutes for next scan...
[2025-05-19 11:02:51] [SPY] No valid spread found.
[2025-05-19 11:03:25] [QQQ] No valid spread found.
[2025-05-19 11:03:25] ⚠️ Low contract count for TSLA, retrying...
[2025-05-19 11:03:27] [TSLA] No valid spread found.
[2025-05-19 11:03:27] ⚠️ Low contract count for AAPL, retrying...
[2025-05-19 11:03:29] [AAPL] No valid spread found.
[2025-05-19 11:03:30] ⚠️ Low contract count for MSFT, retrying...
[2025-05-19 11:03:32] [MSFT] No valid spread found.
[2025-05-19 11:03:32] ⚠️ Low contract count for NVDA, retrying...
[2025-05-19 11:03:34] [NVDA] No valid spread found.
[2025-05-19 11:03:34] ⚠️ Low contract count for META, retrying...
[2025-05-19 11:03:36] [META] No valid spread found.
[2025-05-19 11:03:36] ⚠️ Low contract count for AMZN, retrying...
[2025-05-19 11:03:38] [AMZN] No valid spread found.
[2025-05-19 11:03:38] ⚠️ Low contract count for AMD, retrying...
[2025-05-19 11:03:41] [AMD] No valid spread found.
[2025-05-19 11:03:41] ⚠️ Low contract count for GOOG, retrying...
[2025-05-19 11:03:43] [GOOG] No valid spread found.
[2025-05-19 11:03:43] ⚠️ Low contract count for BA, retrying...
[2025-05-19 11:03:45] [BA] No valid spread found.
[2025-05-19 11:03:45] ⚠️ Low contract count for XLF, retrying...
[2025-05-19 11:03:47] [XLF] No valid spread found.
[2025-05-19 11:03:47] ⚠️ Low contract count for XLK, retrying...
[2025-05-19 11:03:49] [XLK] No valid spread found.
[2025-05-19 11:03:50] ⚠️ Low contract count for DIA, retrying...
[2025-05-19 11:03:52] [DIA] No valid spread found.
[2025-05-19 11:04:00] ✅ IWM Spread placed: Credit $0.60, Width $1.00
[2025-05-19 11:04:00] ⚠️ Low contract count for XLE, retrying...
[2025-05-19 11:04:02] [XLE] No valid spread found.
[2025-05-19 11:04:02] ⚠️ Low contract count for XBI, retrying...
[2025-05-19 11:04:04] [XBI] No valid spread found.
[2025-05-19 11:04:04] ⚠️ Low contract count for TSM, retrying...
[2025-05-19 11:04:06] [TSM] No valid spread found.
[2025-05-19 11:04:07] ⚠️ Low contract count for GDX, retrying...
[2025-05-19 11:04:09] [GDX] No valid spread found.
[2025-05-19 11:04:09] ⚠️ Low contract count for ARKK, retrying...
[2025-05-19 11:04:11] [ARKK] No valid spread found.
[2025-05-19 11:04:11] ⏱ Waiting 5 minutes for next scan...
[2025-05-19 11:11:25] [SPY] No valid spread found.
[2025-05-19 11:12:29] [QQQ] No valid spread found.
[2025-05-19 11:12:29] ⚠️ Low contract count for TSLA, retrying...
[2025-05-19 11:12:32] [TSLA] No valid spread found.
[2025-05-19 11:12:32] ⚠️ Low contract count for AAPL, retrying...
[2025-05-19 11:12:34] [AAPL] No valid spread found.
[2025-05-19 11:12:34] ⚠️ Low contract count for MSFT, retrying...
[2025-05-19 11:12:36] [MSFT] No valid spread found.
[2025-05-19 11:12:36] ⚠️ Low contract count for NVDA, retrying...
[2025-05-19 11:12:38] [NVDA] No valid spread found.
[2025-05-19 11:12:38] ⚠️ Low contract count for META, retrying...
[2025-05-19 11:12:40] [META] No valid spread found.
[2025-05-19 11:12:41] ⚠️ Low contract count for AMZN, retrying...
[2025-05-19 11:12:43] [AMZN] No valid spread found.
[2025-05-19 11:12:43] ⚠️ Low contract count for AMD, retrying...
[2025-05-19 11:12:45] [AMD] No valid spread found.
[2025-05-19 11:12:45] ⚠️ Low contract count for GOOG, retrying...
[2025-05-19 11:12:47] [GOOG] No valid spread found.
[2025-05-19 11:12:47] ⚠️ Low contract count for BA, retrying...
[2025-05-19 11:12:49] [BA] No valid spread found.
[2025-05-19 11:12:50] ⚠️ Low contract count for XLF, retrying...
[2025-05-19 11:12:52] [XLF] No valid spread found.
[2025-05-19 11:12:52] ⚠️ Low contract count for XLK, retrying...
[2025-05-19 11:12:54] [XLK] No valid spread found.
[2025-05-19 11:12:57] ⚠️ Low contract count for DIA, retrying...
[2025-05-19 11:12:59] [DIA] No valid spread found.
[2025-05-19 11:13:16] ✅ IWM Spread placed: Credit $0.60, Width $1.00
[2025-05-19 11:13:17] ⚠️ Low contract count for XLE, retrying...
[2025-05-19 11:13:19] [XLE] No valid spread found.
[2025-05-19 11:13:19] ⚠️ Low contract count for XBI, retrying...
[2025-05-19 11:13:21] [XBI] No valid spread found.
[2025-05-19 11:13:21] ⚠️ Low contract count for TSM, retrying...
[2025-05-19 11:13:23] [TSM] No valid spread found.
[2025-05-19 11:13:23] ⚠️ Low contract count for GDX, retrying...
[2025-05-19 11:13:25] [GDX] No valid spread found.
[2025-05-19 11:13:25] ⚠️ Low contract count for ARKK, retrying...
[2025-05-19 11:13:28] [ARKK] No valid spread found.
[2025-05-19 11:13:28] ⏱ Waiting 5 minutes for next scan...
[2025-05-19 11:18:35] [SPY] No valid spread found.
[2025-05-19 11:19:40] [QQQ] No valid spread found.
[2025-05-19 11:19:40] ⚠️ Low contract count for TSLA, retrying...
[2025-05-19 11:19:42] [TSLA] No valid spread found.
[2025-05-19 11:19:42] ⚠️ Low contract count for AAPL, retrying...
[2025-05-19 11:19:45] [AAPL] No valid spread found.
[2025-05-19 11:19:45] ⚠️ Low contract count for MSFT, retrying...
[2025-05-19 11:19:47] [MSFT] No valid spread found.
[2025-05-19 11:19:47] ⚠️ Low contract count for NVDA, retrying...
[2025-05-19 11:19:49] [NVDA] No valid spread found.
[2025-05-19 11:19:49] ⚠️ Low contract count for META, retrying...
[2025-05-19 11:19:51] [META] No valid spread found.
[2025-05-19 11:19:51] ⚠️ Low contract count for AMZN, retrying...
[2025-05-19 11:19:54] [AMZN] No valid spread found.
[2025-05-19 11:19:54] ⚠️ Low contract count for AMD, retrying...
[2025-05-19 11:19:56] [AMD] No valid spread found.
[2025-05-19 11:19:56] ⚠️ Low contract count for GOOG, retrying...
[2025-05-19 11:19:58] [GOOG] No valid spread found.
[2025-05-19 11:19:58] ⚠️ Low contract count for BA, retrying...
[2025-05-19 11:20:00] [BA] No valid spread found.
[2025-05-19 11:20:00] ⚠️ Low contract count for XLF, retrying...
[2025-05-19 11:20:02] [XLF] No valid spread found.
[2025-05-19 11:20:03] ⚠️ Low contract count for XLK, retrying...
[2025-05-19 11:20:05] [XLK] No valid spread found.
[2025-05-19 11:20:05] ⚠️ Low contract count for DIA, retrying...
[2025-05-19 11:20:07] [DIA] No valid spread found.
[2025-05-19 11:20:09] ✅ IWM Spread placed: Credit $0.60, Width $1.00
[2025-05-19 11:20:09] ⚠️ Low contract count for XLE, retrying...
[2025-05-19 11:20:11] [XLE] No valid spread found.
[2025-05-19 11:20:11] ⚠️ Low contract count for XBI, retrying...
[2025-05-19 11:20:13] [XBI] No valid spread found.
[2025-05-19 11:20:13] ⚠️ Low contract count for TSM, retrying...
[2025-05-19 11:20:15] [TSM] No valid spread found.
[2025-05-19 11:20:16] ⚠️ Low contract count for GDX, retrying...
[2025-05-19 11:20:18] [GDX] No valid spread found.
[2025-05-19 11:20:18] ⚠️ Low contract count for ARKK, retrying...
[2025-05-19 11:20:20] [ARKK] No valid spread found.
[2025-05-19 11:20:20] ⏱ Waiting 5 minutes for next scan...
[2025-05-19 11:26:42] [SPY] No valid spread found.
[2025-05-19 11:27:36] [QQQ] No valid spread found.
[2025-05-19 11:27:36] ⚠️ Low contract count for TSLA, retrying...
[2025-05-19 11:27:38] [TSLA] No valid spread found.
[2025-05-19 11:27:38] ⚠️ Low contract count for AAPL, retrying...
[2025-05-19 11:27:40] [AAPL] No valid spread found.
[2025-05-19 11:27:40] ⚠️ Low contract count for MSFT, retrying...
[2025-05-19 11:27:43] [MSFT] No valid spread found.
[2025-05-19 11:27:43] ⚠️ Low contract count for NVDA, retrying...
[2025-05-19 11:27:45] [NVDA] No valid spread found.
[2025-05-19 11:27:48] ⚠️ Low contract count for META, retrying...
[2025-05-19 11:27:50] [META] No valid spread found.
[2025-05-19 11:27:50] ⚠️ Low contract count for AMZN, retrying...
[2025-05-19 11:27:52] [AMZN] No valid spread found.
[2025-05-19 11:27:52] ⚠️ Low contract count for AMD, retrying...
[2025-05-19 11:27:55] [AMD] No valid spread found.
[2025-05-19 11:27:55] ⚠️ Low contract count for GOOG, retrying...
[2025-05-19 11:27:57] [GOOG] No valid spread found.
[2025-05-19 11:28:00] ⚠️ Low contract count for BA, retrying...
[2025-05-19 11:28:02] [BA] No valid spread found.
[2025-05-19 11:28:02] ⚠️ Low contract count for XLF, retrying...
[2025-05-19 11:28:04] [XLF] No valid spread found.
[2025-05-19 11:28:05] ⚠️ Low contract count for XLK, retrying...
[2025-05-19 11:28:07] [XLK] No valid spread found.
[2025-05-19 11:28:07] ⚠️ Low contract count for DIA, retrying...
[2025-05-19 11:28:09] [DIA] No valid spread found.
[2025-05-19 11:28:17] ✅ IWM Spread placed: Credit $0.60, Width $1.00
[2025-05-19 11:28:17] ⚠️ Low contract count for XLE, retrying...
[2025-05-19 11:28:19] [XLE] No valid spread found.
[2025-05-19 11:28:19] ⚠️ Low contract count for XBI, retrying...
[2025-05-19 11:28:21] [XBI] No valid spread found.
[2025-05-19 11:28:22] ⚠️ Low contract count for TSM, retrying...
[2025-05-19 11:28:24] [TSM] No valid spread found.
[2025-05-19 11:28:24] ⚠️ Low contract count for GDX, retrying...
[2025-05-19 11:28:26] [GDX] No valid spread found.
[2025-05-19 11:28:26] ⚠️ Low contract count for ARKK, retrying...
[2025-05-19 11:28:28] [ARKK] No valid spread found.
[2025-05-19 11:28:28] ⏱ Waiting 5 minutes for next scan...
[2025-05-19 11:33:35] [SPY] No valid spread found.
[2025-05-19 11:33:51] [QQQ] No valid spread found.
[2025-05-19 11:33:51] ⚠️ Low contract count for TSLA, retrying...
[2025-05-19 11:33:53] [TSLA] No valid spread found.
[2025-05-19 11:33:54] ⚠️ Low contract count for AAPL, retrying...
[2025-05-19 11:33:56] [AAPL] No valid spread found.
[2025-05-19 11:33:56] ⚠️ Low contract count for MSFT, retrying...
[2025-05-19 11:33:58] [MSFT] No valid spread found.
[2025-05-19 11:33:58] ⚠️ Low contract count for NVDA, retrying...
[2025-05-19 11:34:00] [NVDA] No valid spread found.
[2025-05-19 11:34:00] ⚠️ Low contract count for META, retrying...
[2025-05-19 11:34:02] [META] No valid spread found.
[2025-05-19 11:34:02] ⚠️ Low contract count for AMZN, retrying...
[2025-05-19 11:34:05] [AMZN] No valid spread found.
[2025-05-19 11:34:05] ⚠️ Low contract count for AMD, retrying...
[2025-05-19 11:34:07] [AMD] No valid spread found.
[2025-05-19 11:34:07] ⚠️ Low contract count for GOOG, retrying...
[2025-05-19 11:34:09] [GOOG] No valid spread found.
[2025-05-19 11:34:09] ⚠️ Low contract count for BA, retrying...
[2025-05-19 11:34:11] [BA] No valid spread found.
[2025-05-19 11:34:11] ⚠️ Low contract count for XLF, retrying...
[2025-05-19 11:34:13] [XLF] No valid spread found.
[2025-05-19 11:34:14] ⚠️ Low contract count for XLK, retrying...
[2025-05-19 11:34:16] [XLK] No valid spread found.
[2025-05-19 11:34:16] ⚠️ Low contract count for DIA, retrying...
[2025-05-19 11:34:18] [DIA] No valid spread found.
[2025-05-19 11:34:20] ✅ IWM Spread placed: Credit $2.08, Width $1.00
[2025-05-19 11:34:20] ⚠️ Low contract count for XLE, retrying...
[2025-05-19 11:34:22] [XLE] No valid spread found.
[2025-05-19 11:34:22] ⚠️ Low contract count for XBI, retrying...
[2025-05-19 11:34:24] [XBI] No valid spread found.
[2025-05-19 11:34:24] ⚠️ Low contract count for TSM, retrying...
[2025-05-19 11:34:27] [TSM] No valid spread found.
[2025-05-19 11:34:27] ⚠️ Low contract count for GDX, retrying...
[2025-05-19 11:34:29] [GDX] No valid spread found.
[2025-05-19 11:34:29] ⚠️ Low contract count for ARKK, retrying...
[2025-05-19 11:34:31] [ARKK] No valid spread found.
[2025-05-19 11:34:31] ⏱ Waiting 5 minutes for next scan...
[2025-05-19 11:40:22] [SPY] No valid spread found.
[2025-05-19 11:40:59] [QQQ] No valid spread found.
[2025-05-19 11:41:00] ⚠️ Low contract count for TSLA, retrying...
[2025-05-19 11:41:02] [TSLA] No valid spread found.
[2025-05-19 11:41:02] ⚠️ Low contract count for AAPL, retrying...
[2025-05-19 11:41:04] [AAPL] No valid spread found.
[2025-05-19 11:41:04] ⚠️ Low contract count for MSFT, retrying...
[2025-05-19 11:41:06] [MSFT] No valid spread found.
[2025-05-19 11:41:06] ⚠️ Low contract count for NVDA, retrying...
[2025-05-19 11:41:08] [NVDA] No valid spread found.
[2025-05-19 11:41:08] ⚠️ Low contract count for META, retrying...
[2025-05-19 11:41:11] [META] No valid spread found.
[2025-05-19 11:41:11] ⚠️ Low contract count for AMZN, retrying...
[2025-05-19 11:41:13] [AMZN] No valid spread found.
[2025-05-19 11:41:13] ⚠️ Low contract count for AMD, retrying...
[2025-05-19 11:41:15] [AMD] No valid spread found.
[2025-05-19 11:41:15] ⚠️ Low contract count for GOOG, retrying...
[2025-05-19 11:41:17] [GOOG] No valid spread found.
[2025-05-19 11:41:17] ⚠️ Low contract count for BA, retrying...
[2025-05-19 11:41:20] [BA] No valid spread found.
[2025-05-19 11:41:20] ⚠️ Low contract count for XLF, retrying...
[2025-05-19 11:41:22] [XLF] No valid spread found.
[2025-05-19 11:41:22] ⚠️ Low contract count for XLK, retrying...
[2025-05-19 11:41:24] [XLK] No valid spread found.
[2025-05-19 11:41:24] ⚠️ Low contract count for DIA, retrying...
[2025-05-19 11:41:26] [DIA] No valid spread found.
[2025-05-19 11:41:28] ✅ IWM Spread placed: Credit $2.08, Width $1.00
[2025-05-19 11:41:28] ⚠️ Low contract count for XLE, retrying...
[2025-05-19 11:41:30] [XLE] No valid spread found.
[2025-05-19 11:41:31] ⚠️ Low contract count for XBI, retrying...
[2025-05-19 11:41:33] [XBI] No valid spread found.
[2025-05-19 11:41:33] ⚠️ Low contract count for TSM, retrying...
[2025-05-19 11:41:35] [TSM] No valid spread found.
[2025-05-19 11:41:35] ⚠️ Low contract count for GDX, retrying...
[2025-05-19 11:41:37] [GDX] No valid spread found.
[2025-05-19 11:41:37] ⚠️ Low contract count for ARKK, retrying...
[2025-05-19 11:41:39] [ARKK] No valid spread found.
[2025-05-19 11:41:39] ⏱ Waiting 5 minutes for next scan...
[2025-05-19 11:47:05] [SPY] No valid spread found.
[2025-05-19 11:47:39] [QQQ] No valid spread found.
[2025-05-19 11:47:39] ⚠️ Low contract count for TSLA, retrying...
[2025-05-19 11:47:42] [TSLA] No valid spread found.
[2025-05-19 11:47:42] ⚠️ Low contract count for AAPL, retrying...
[2025-05-19 11:47:44] [AAPL] No valid spread found.
[2025-05-19 11:47:44] ⚠️ Low contract count for MSFT, retrying...
[2025-05-19 11:47:46] [MSFT] No valid spread found.
[2025-05-19 11:47:46] ⚠️ Low contract count for NVDA, retrying...
[2025-05-19 11:47:48] [NVDA] No valid spread found.
[2025-05-19 11:47:48] ⚠️ Low contract count for META, retrying...
[2025-05-19 11:47:50] [META] No valid spread found.
[2025-05-19 11:47:51] ⚠️ Low contract count for AMZN, retrying...
[2025-05-19 11:47:53] [AMZN] No valid spread found.
[2025-05-19 11:47:53] ⚠️ Low contract count for AMD, retrying...
[2025-05-19 11:47:55] [AMD] No valid spread found.
[2025-05-19 11:47:55] ⚠️ Low contract count for GOOG, retrying...
[2025-05-19 11:47:57] [GOOG] No valid spread found.
[2025-05-19 11:47:57] ⚠️ Low contract count for BA, retrying...
[2025-05-19 11:47:59] [BA] No valid spread found.
[2025-05-19 11:48:00] ⚠️ Low contract count for XLF, retrying...
[2025-05-19 11:48:02] [XLF] No valid spread found.
[2025-05-19 11:48:05] ⚠️ Low contract count for XLK, retrying...
[2025-05-19 11:48:07] [XLK] No valid spread found.
[2025-05-19 11:48:07] ⚠️ Low contract count for DIA, retrying...
[2025-05-19 11:48:09] [DIA] No valid spread found.
[2025-05-19 11:48:36] ✅ IWM Spread placed: Credit $2.08, Width $1.00
[2025-05-19 11:48:36] ⚠️ Low contract count for XLE, retrying...
[2025-05-19 11:48:38] [XLE] No valid spread found.
[2025-05-19 11:48:38] ⚠️ Low contract count for XBI, retrying...
[2025-05-19 11:48:40] [XBI] No valid spread found.
[2025-05-19 11:48:41] ⚠️ Low contract count for TSM, retrying...
[2025-05-19 11:48:43] [TSM] No valid spread found.
[2025-05-19 11:48:46] ⚠️ Low contract count for GDX, retrying...
[2025-05-19 11:48:48] [GDX] No valid spread found.
[2025-05-19 11:48:48] ⚠️ Low contract count for ARKK, retrying...
[2025-05-19 11:48:50] [ARKK] No valid spread found.
[2025-05-19 11:48:50] ⏱ Waiting 5 minutes for next scan...
