2025-06-02 00:13:43 WARNING SPY: no market data on 2025-06-02
2025-06-02 01:10:29 ERROR Missing Alpaca API key or secret in environment. Exiting.
2025-06-02 01:10:35 ERROR Missing Alpaca API key or secret in environment. Exiting.
2025-06-02 01:10:41 ERROR Missing Alpaca API key or secret in environment. Exiting.
2025-06-02 01:10:46 ERROR Missing Alpaca API key or secret in environment. Exiting.
2025-06-02 01:10:52 ERROR Missing Alpaca API key or secret in environment. Exiting.
2025-06-02 01:10:57 ERROR Missing Alpaca API key or secret in environment. Exiting.
2025-06-02 01:11:03 ERROR Missing Alpaca API key or secret in environment. Exiting.
2025-06-02 01:11:09 ERROR Missing Alpaca API key or secret in environment. Exiting.
2025-06-02 01:11:14 ERROR Missing Alpaca API key or secret in environment. Exiting.
2025-06-02 01:11:20 ERROR Missing Alpaca API key or secret in environment. Exiting.
2025-06-02 01:11:26 ERROR Missing Alpaca API key or secret in environment. Exiting.
2025-06-02 01:11:31 ERROR Missing Alpaca API key or secret in environment. Exiting.
2025-06-02 01:11:37 ERROR Missing Alpaca API key or secret in environment. Exiting.
2025-06-02 01:11:42 ERROR Missing Alpaca API key or secret in environment. Exiting.
2025-06-02 01:11:48 ERROR Missing Alpaca API key or secret in environment. Exiting.
2025-06-02 01:11:54 ERROR Missing Alpaca API key or secret in environment. Exiting.
2025-06-02 01:11:59 ERROR Missing Alpaca API key or secret in environment. Exiting.
2025-06-02 01:12:05 ERROR Missing Alpaca API key or secret in environment. Exiting.
2025-06-02 01:12:10 ERROR Missing Alpaca API key or secret in environment. Exiting.
2025-06-02 01:12:16 ERROR Missing Alpaca API key or secret in environment. Exiting.
2025-06-02 01:12:22 ERROR Missing Alpaca API key or secret in environment. Exiting.
2025-06-02 01:12:27 ERROR Missing Alpaca API key or secret in environment. Exiting.
2025-06-02 01:12:33 ERROR Missing Alpaca API key or secret in environment. Exiting.
2025-06-02 01:12:38 ERROR Missing Alpaca API key or secret in environment. Exiting.
2025-06-02 01:12:44 ERROR Missing Alpaca API key or secret in environment. Exiting.
2025-06-02 01:12:50 ERROR Missing Alpaca API key or secret in environment. Exiting.
2025-06-02 01:12:55 ERROR Missing Alpaca API key or secret in environment. Exiting.
2025-06-02 01:13:01 ERROR Missing Alpaca API key or secret in environment. Exiting.
2025-06-02 01:13:06 ERROR Missing Alpaca API key or secret in environment. Exiting.
2025-06-02 01:13:12 ERROR Missing Alpaca API key or secret in environment. Exiting.
2025-06-02 01:13:18 ERROR Missing Alpaca API key or secret in environment. Exiting.
2025-06-02 01:13:23 ERROR Missing Alpaca API key or secret in environment. Exiting.
2025-06-02 01:13:29 ERROR Missing Alpaca API key or secret in environment. Exiting.
2025-06-02 01:13:34 ERROR Missing Alpaca API key or secret in environment. Exiting.
2025-06-02 01:13:40 ERROR Missing Alpaca API key or secret in environment. Exiting.
2025-06-02 01:13:46 ERROR Missing Alpaca API key or secret in environment. Exiting.
2025-06-02 01:22:11 INFO Starting trading bot
2025-06-02 01:22:11 INFO Scheduled heartbeat every hour until market open at 09:35 ET
2025-06-02 01:23:05 INFO Starting trading bot
2025-06-02 01:23:05 INFO Scheduled heartbeat every hour until market open at 09:35 ET
2025-06-02 02:22:11 INFO Heartbeat: trading bot is alive @ 2025-06-02 05:22:11.944645-04:00
2025-06-02 02:23:05 INFO Heartbeat: trading bot is alive @ 2025-06-02 05:23:05.944260-04:00
2025-06-02 03:22:11 INFO Heartbeat: trading bot is alive @ 2025-06-02 06:22:11.944902-04:00
2025-06-02 03:23:05 INFO Heartbeat: trading bot is alive @ 2025-06-02 06:23:05.937340-04:00
2025-06-02 04:22:11 INFO Heartbeat: trading bot is alive @ 2025-06-02 07:22:11.944654-04:00
2025-06-02 04:23:05 INFO Heartbeat: trading bot is alive @ 2025-06-02 07:23:05.942792-04:00
2025-06-02 05:22:11 INFO Heartbeat: trading bot is alive @ 2025-06-02 08:22:11.945984-04:00
2025-06-02 05:23:05 INFO Heartbeat: trading bot is alive @ 2025-06-02 08:23:05.943889-04:00
2025-06-02 06:22:11 INFO Heartbeat: trading bot is alive @ 2025-06-02 09:22:11.945319-04:00
2025-06-02 06:23:05 INFO Heartbeat: trading bot is alive @ 2025-06-02 09:23:05.936529-04:00
2025-06-02 06:35:00 INFO === ENTRY JOB @ 2025-06-02 09:35:00.003953-04:00 ===
2025-06-02 06:35:00 INFO === ENTRY JOB @ 2025-06-02 09:35:00.004374-04:00 ===
2025-06-02 06:35:00 ERROR Entry-job pre-clear error: {"message": "forbidden."}

2025-06-02 06:35:00 ERROR Entry-job pre-clear error: {"message": "forbidden."}

2025-06-02 06:35:00 ERROR Entry-job load positions error: {"message": "forbidden."}

2025-06-02 06:35:00 ERROR Entry-job load positions error: {"message": "forbidden."}

2025-06-02 07:22:11 INFO Heartbeat: trading bot is alive @ 2025-06-02 10:22:11.943715-04:00
2025-06-02 07:23:05 INFO Heartbeat: trading bot is alive @ 2025-06-02 10:23:05.938092-04:00
2025-06-02 07:32:00 INFO === MONITOR JOB @ 2025-06-02 10:32:00.005258-04:00 ===
2025-06-02 07:32:00 INFO === MONITOR JOB @ 2025-06-02 10:32:00.005710-04:00 ===
2025-06-02 07:33:00 INFO === MONITOR JOB @ 2025-06-02 10:33:00.000717-04:00 ===
2025-06-02 07:33:00 INFO === MONITOR JOB @ 2025-06-02 10:33:00.002378-04:00 ===
2025-06-02 07:34:00 INFO === MONITOR JOB @ 2025-06-02 10:34:00.004055-04:00 ===
2025-06-02 07:34:00 INFO === MONITOR JOB @ 2025-06-02 10:34:00.004930-04:00 ===
2025-06-02 07:35:00 INFO === MONITOR JOB @ 2025-06-02 10:35:00.002386-04:00 ===
2025-06-02 07:35:00 INFO === MONITOR JOB @ 2025-06-02 10:35:00.002535-04:00 ===
2025-06-02 07:36:00 INFO === MONITOR JOB @ 2025-06-02 10:36:00.005394-04:00 ===
2025-06-02 07:36:00 INFO === MONITOR JOB @ 2025-06-02 10:36:00.006019-04:00 ===
2025-06-02 07:37:00 INFO === MONITOR JOB @ 2025-06-02 10:37:00.001813-04:00 ===
2025-06-02 07:37:00 INFO === MONITOR JOB @ 2025-06-02 10:37:00.001862-04:00 ===
2025-06-02 07:38:00 INFO === MONITOR JOB @ 2025-06-02 10:38:00.001281-04:00 ===
2025-06-02 07:38:00 INFO === MONITOR JOB @ 2025-06-02 10:38:00.002045-04:00 ===
2025-06-02 07:39:00 INFO === MONITOR JOB @ 2025-06-02 10:39:00.002200-04:00 ===
2025-06-02 07:39:00 INFO === MONITOR JOB @ 2025-06-02 10:39:00.011525-04:00 ===
2025-06-02 07:40:00 INFO === MONITOR JOB @ 2025-06-02 10:40:00.005117-04:00 ===
2025-06-02 07:40:00 INFO === MONITOR JOB @ 2025-06-02 10:40:00.005346-04:00 ===
2025-06-02 07:41:00 INFO === MONITOR JOB @ 2025-06-02 10:41:00.005210-04:00 ===
2025-06-02 07:41:00 INFO === MONITOR JOB @ 2025-06-02 10:41:00.011794-04:00 ===
2025-06-02 07:42:00 INFO === MONITOR JOB @ 2025-06-02 10:42:00.005342-04:00 ===
2025-06-02 07:42:00 INFO === MONITOR JOB @ 2025-06-02 10:42:00.006043-04:00 ===
2025-06-02 07:43:00 INFO === MONITOR JOB @ 2025-06-02 10:43:00.005412-04:00 ===
2025-06-02 07:43:00 INFO === MONITOR JOB @ 2025-06-02 10:43:00.005660-04:00 ===
2025-06-02 07:44:00 INFO === MONITOR JOB @ 2025-06-02 10:44:00.000895-04:00 ===
2025-06-02 07:44:00 INFO === MONITOR JOB @ 2025-06-02 10:44:00.001234-04:00 ===
2025-06-02 07:45:00 INFO === MONITOR JOB @ 2025-06-02 10:45:00.002615-04:00 ===
2025-06-02 07:45:00 INFO === MONITOR JOB @ 2025-06-02 10:45:00.005471-04:00 ===
2025-06-02 07:46:00 INFO === MONITOR JOB @ 2025-06-02 10:46:00.003255-04:00 ===
2025-06-02 07:46:00 INFO === MONITOR JOB @ 2025-06-02 10:46:00.005906-04:00 ===
2025-06-02 07:47:00 INFO === MONITOR JOB @ 2025-06-02 10:47:00.000780-04:00 ===
2025-06-02 07:47:00 INFO === MONITOR JOB @ 2025-06-02 10:47:00.001544-04:00 ===
2025-06-02 07:48:00 INFO === MONITOR JOB @ 2025-06-02 10:48:00.000871-04:00 ===
2025-06-02 07:48:00 INFO === MONITOR JOB @ 2025-06-02 10:48:00.006121-04:00 ===
2025-06-02 07:49:00 INFO === MONITOR JOB @ 2025-06-02 10:49:00.000872-04:00 ===
2025-06-02 07:49:00 INFO === MONITOR JOB @ 2025-06-02 10:49:00.000888-04:00 ===
2025-06-02 07:50:00 INFO === MONITOR JOB @ 2025-06-02 10:50:00.000940-04:00 ===
2025-06-02 07:50:00 INFO === MONITOR JOB @ 2025-06-02 10:50:00.010000-04:00 ===
2025-06-02 07:51:00 INFO === MONITOR JOB @ 2025-06-02 10:51:00.002667-04:00 ===
2025-06-02 07:51:00 INFO === MONITOR JOB @ 2025-06-02 10:51:00.002696-04:00 ===
2025-06-02 07:52:00 INFO === MONITOR JOB @ 2025-06-02 10:52:00.000509-04:00 ===
2025-06-02 07:52:00 INFO === MONITOR JOB @ 2025-06-02 10:52:00.001371-04:00 ===
2025-06-02 07:53:00 INFO === MONITOR JOB @ 2025-06-02 10:53:00.001233-04:00 ===
2025-06-02 07:53:00 INFO === MONITOR JOB @ 2025-06-02 10:53:00.001262-04:00 ===
2025-06-02 07:54:00 INFO === MONITOR JOB @ 2025-06-02 10:54:00.000589-04:00 ===
2025-06-02 07:54:00 INFO === MONITOR JOB @ 2025-06-02 10:54:00.000786-04:00 ===
2025-06-02 07:55:00 INFO === MONITOR JOB @ 2025-06-02 10:55:00.000955-04:00 ===
2025-06-02 07:55:00 INFO === MONITOR JOB @ 2025-06-02 10:55:00.000967-04:00 ===
2025-06-02 07:56:00 INFO === MONITOR JOB @ 2025-06-02 10:56:00.000887-04:00 ===
2025-06-02 07:56:00 INFO === MONITOR JOB @ 2025-06-02 10:56:00.001169-04:00 ===
2025-06-02 07:57:00 INFO === MONITOR JOB @ 2025-06-02 10:57:00.006723-04:00 ===
2025-06-02 07:57:00 INFO === MONITOR JOB @ 2025-06-02 10:57:00.007948-04:00 ===
2025-06-02 07:58:00 INFO === MONITOR JOB @ 2025-06-02 10:58:00.000738-04:00 ===
2025-06-02 07:58:00 INFO === MONITOR JOB @ 2025-06-02 10:58:00.000865-04:00 ===
2025-06-02 07:59:00 INFO === MONITOR JOB @ 2025-06-02 10:59:00.001331-04:00 ===
2025-06-02 07:59:00 INFO === MONITOR JOB @ 2025-06-02 10:59:00.001329-04:00 ===
2025-06-02 08:00:00 INFO === MONITOR JOB @ 2025-06-02 11:00:00.001066-04:00 ===
2025-06-02 08:00:00 INFO === MONITOR JOB @ 2025-06-02 11:00:00.008116-04:00 ===
2025-06-02 08:01:00 INFO === MONITOR JOB @ 2025-06-02 11:01:00.004575-04:00 ===
2025-06-02 08:01:00 INFO === MONITOR JOB @ 2025-06-02 11:01:00.004930-04:00 ===
2025-06-02 08:02:00 INFO === MONITOR JOB @ 2025-06-02 11:02:00.004854-04:00 ===
2025-06-02 08:02:00 INFO === MONITOR JOB @ 2025-06-02 11:02:00.004852-04:00 ===
2025-06-02 08:03:00 INFO === MONITOR JOB @ 2025-06-02 11:03:00.004547-04:00 ===
2025-06-02 08:03:00 INFO === MONITOR JOB @ 2025-06-02 11:03:00.005089-04:00 ===
2025-06-02 08:04:00 INFO === MONITOR JOB @ 2025-06-02 11:04:00.005260-04:00 ===
2025-06-02 08:04:00 INFO === MONITOR JOB @ 2025-06-02 11:04:00.005293-04:00 ===
2025-06-02 08:05:00 INFO === MONITOR JOB @ 2025-06-02 11:05:00.001574-04:00 ===
2025-06-02 08:05:00 INFO === MONITOR JOB @ 2025-06-02 11:05:00.010878-04:00 ===
2025-06-02 08:06:00 INFO === MONITOR JOB @ 2025-06-02 11:06:00.003861-04:00 ===
2025-06-02 08:06:00 INFO === MONITOR JOB @ 2025-06-02 11:06:00.006536-04:00 ===
2025-06-02 08:07:00 INFO === MONITOR JOB @ 2025-06-02 11:07:00.002003-04:00 ===
2025-06-02 08:07:00 INFO === MONITOR JOB @ 2025-06-02 11:07:00.002330-04:00 ===
2025-06-02 08:08:00 INFO === MONITOR JOB @ 2025-06-02 11:08:00.001354-04:00 ===
2025-06-02 08:08:00 INFO === MONITOR JOB @ 2025-06-02 11:08:00.001844-04:00 ===
2025-06-02 08:09:00 INFO === MONITOR JOB @ 2025-06-02 11:09:00.002134-04:00 ===
2025-06-02 08:09:00 INFO === MONITOR JOB @ 2025-06-02 11:09:00.003034-04:00 ===
2025-06-02 08:10:00 INFO === MONITOR JOB @ 2025-06-02 11:10:00.000309-04:00 ===
2025-06-02 08:10:00 INFO === MONITOR JOB @ 2025-06-02 11:10:00.001130-04:00 ===
2025-06-02 08:11:00 INFO === MONITOR JOB @ 2025-06-02 11:11:00.001357-04:00 ===
2025-06-02 08:11:00 INFO === MONITOR JOB @ 2025-06-02 11:11:00.001415-04:00 ===
2025-06-02 08:12:00 INFO === MONITOR JOB @ 2025-06-02 11:12:00.000609-04:00 ===
2025-06-02 08:12:00 INFO === MONITOR JOB @ 2025-06-02 11:12:00.000635-04:00 ===
2025-06-02 08:13:00 INFO === MONITOR JOB @ 2025-06-02 11:13:00.006173-04:00 ===
2025-06-02 08:13:00 INFO === MONITOR JOB @ 2025-06-02 11:13:00.006487-04:00 ===
2025-06-02 08:14:00 INFO === MONITOR JOB @ 2025-06-02 11:14:00.002282-04:00 ===
2025-06-02 08:14:00 INFO === MONITOR JOB @ 2025-06-02 11:14:00.004925-04:00 ===
2025-06-02 08:15:00 INFO === MONITOR JOB @ 2025-06-02 11:15:00.001634-04:00 ===
2025-06-02 08:15:00 INFO === MONITOR JOB @ 2025-06-02 11:15:00.001646-04:00 ===
2025-06-02 08:16:00 INFO === MONITOR JOB @ 2025-06-02 11:16:00.001458-04:00 ===
2025-06-02 08:16:00 INFO === MONITOR JOB @ 2025-06-02 11:16:00.001764-04:00 ===
2025-06-02 08:17:00 INFO === MONITOR JOB @ 2025-06-02 11:17:00.005903-04:00 ===
2025-06-02 08:17:00 INFO === MONITOR JOB @ 2025-06-02 11:17:00.005868-04:00 ===
2025-06-02 08:18:00 INFO === MONITOR JOB @ 2025-06-02 11:18:00.004570-04:00 ===
2025-06-02 08:18:00 INFO === MONITOR JOB @ 2025-06-02 11:18:00.006534-04:00 ===
2025-06-02 08:19:00 INFO === MONITOR JOB @ 2025-06-02 11:19:00.001764-04:00 ===
2025-06-02 08:19:00 INFO === MONITOR JOB @ 2025-06-02 11:19:00.001615-04:00 ===
2025-06-02 08:20:00 INFO === MONITOR JOB @ 2025-06-02 11:20:00.006991-04:00 ===
2025-06-02 08:20:00 INFO === MONITOR JOB @ 2025-06-02 11:20:00.007313-04:00 ===
2025-06-02 08:21:00 INFO === MONITOR JOB @ 2025-06-02 11:21:00.004164-04:00 ===
2025-06-02 08:21:00 INFO === MONITOR JOB @ 2025-06-02 11:21:00.004399-04:00 ===
2025-06-02 08:22:00 INFO === MONITOR JOB @ 2025-06-02 11:22:00.001454-04:00 ===
2025-06-02 08:22:00 INFO === MONITOR JOB @ 2025-06-02 11:22:00.002108-04:00 ===
2025-06-02 08:23:00 INFO === MONITOR JOB @ 2025-06-02 11:23:00.003032-04:00 ===
2025-06-02 08:23:00 INFO === MONITOR JOB @ 2025-06-02 11:23:00.003306-04:00 ===
2025-06-02 08:24:00 INFO === MONITOR JOB @ 2025-06-02 11:24:00.005218-04:00 ===
2025-06-02 08:24:00 INFO === MONITOR JOB @ 2025-06-02 11:24:00.005570-04:00 ===
2025-06-02 08:25:00 INFO === MONITOR JOB @ 2025-06-02 11:25:00.004642-04:00 ===
2025-06-02 08:25:00 INFO === MONITOR JOB @ 2025-06-02 11:25:00.005455-04:00 ===
2025-06-02 08:26:00 INFO === MONITOR JOB @ 2025-06-02 11:26:00.004600-04:00 ===
2025-06-02 08:26:00 INFO === MONITOR JOB @ 2025-06-02 11:26:00.006023-04:00 ===
2025-06-02 08:27:00 INFO === MONITOR JOB @ 2025-06-02 11:27:00.005272-04:00 ===
2025-06-02 08:27:00 INFO === MONITOR JOB @ 2025-06-02 11:27:00.005312-04:00 ===
2025-06-02 08:28:00 INFO === MONITOR JOB @ 2025-06-02 11:28:00.004602-04:00 ===
2025-06-02 08:28:00 INFO === MONITOR JOB @ 2025-06-02 11:28:00.004603-04:00 ===
2025-06-02 08:29:00 INFO === MONITOR JOB @ 2025-06-02 11:29:00.003776-04:00 ===
2025-06-02 08:29:00 INFO === MONITOR JOB @ 2025-06-02 11:29:00.004479-04:00 ===
2025-06-02 08:30:00 INFO === MONITOR JOB @ 2025-06-02 11:30:00.003568-04:00 ===
2025-06-02 08:30:00 INFO === MONITOR JOB @ 2025-06-02 11:30:00.004549-04:00 ===
2025-06-02 08:31:00 INFO === MONITOR JOB @ 2025-06-02 11:31:00.003374-04:00 ===
2025-06-02 08:31:00 INFO === MONITOR JOB @ 2025-06-02 11:31:00.005219-04:00 ===
2025-06-02 08:32:00 INFO === MONITOR JOB @ 2025-06-02 11:32:00.004152-04:00 ===
2025-06-02 08:32:00 INFO === MONITOR JOB @ 2025-06-02 11:32:00.004346-04:00 ===
2025-06-02 08:33:00 INFO === MONITOR JOB @ 2025-06-02 11:33:00.004379-04:00 ===
2025-06-02 08:33:00 INFO === MONITOR JOB @ 2025-06-02 11:33:00.004974-04:00 ===
2025-06-02 08:34:00 INFO === MONITOR JOB @ 2025-06-02 11:34:00.000904-04:00 ===
2025-06-02 08:34:00 INFO === MONITOR JOB @ 2025-06-02 11:34:00.002034-04:00 ===
2025-06-02 08:35:00 INFO === MONITOR JOB @ 2025-06-02 11:35:00.000840-04:00 ===
2025-06-02 08:35:00 INFO === MONITOR JOB @ 2025-06-02 11:35:00.002067-04:00 ===
2025-06-02 08:36:00 INFO === MONITOR JOB @ 2025-06-02 11:36:00.003230-04:00 ===
2025-06-02 08:36:00 INFO === MONITOR JOB @ 2025-06-02 11:36:00.003409-04:00 ===
2025-06-02 08:37:00 INFO === MONITOR JOB @ 2025-06-02 11:37:00.004758-04:00 ===
2025-06-02 08:37:00 INFO === MONITOR JOB @ 2025-06-02 11:37:00.011900-04:00 ===
2025-06-02 08:38:00 INFO === MONITOR JOB @ 2025-06-02 11:38:00.005049-04:00 ===
2025-06-02 08:38:00 INFO === MONITOR JOB @ 2025-06-02 11:38:00.005220-04:00 ===
2025-06-02 08:39:00 INFO === MONITOR JOB @ 2025-06-02 11:39:00.003884-04:00 ===
2025-06-02 08:39:00 INFO === MONITOR JOB @ 2025-06-02 11:39:00.004736-04:00 ===
2025-06-02 08:40:00 INFO === MONITOR JOB @ 2025-06-02 11:40:00.004957-04:00 ===
2025-06-02 08:40:00 INFO === MONITOR JOB @ 2025-06-02 11:40:00.005353-04:00 ===
2025-06-02 08:41:00 INFO === MONITOR JOB @ 2025-06-02 11:41:00.004225-04:00 ===
2025-06-02 08:41:00 INFO === MONITOR JOB @ 2025-06-02 11:41:00.004711-04:00 ===
2025-06-02 08:42:00 INFO === MONITOR JOB @ 2025-06-02 11:42:00.004006-04:00 ===
2025-06-02 08:42:00 INFO === MONITOR JOB @ 2025-06-02 11:42:00.004170-04:00 ===
2025-06-02 08:43:00 INFO === MONITOR JOB @ 2025-06-02 11:43:00.010298-04:00 ===
2025-06-02 08:43:00 INFO === MONITOR JOB @ 2025-06-02 11:43:00.010340-04:00 ===
2025-06-02 08:44:00 INFO === MONITOR JOB @ 2025-06-02 11:44:00.001869-04:00 ===
2025-06-02 08:44:00 INFO === MONITOR JOB @ 2025-06-02 11:44:00.001871-04:00 ===
2025-06-02 08:45:00 INFO === MONITOR JOB @ 2025-06-02 11:45:00.003794-04:00 ===
2025-06-02 08:45:00 INFO === MONITOR JOB @ 2025-06-02 11:45:00.003719-04:00 ===
2025-06-02 08:46:00 INFO === MONITOR JOB @ 2025-06-02 11:46:00.001689-04:00 ===
2025-06-02 08:46:00 INFO === MONITOR JOB @ 2025-06-02 11:46:00.002021-04:00 ===
2025-06-02 08:47:00 INFO Starting trading bot
2025-06-02 08:48:00 INFO === MONITOR JOB @ 2025-06-02 11:48:00.001041-04:00 ===
2025-06-02 08:49:00 INFO === MONITOR JOB @ 2025-06-02 11:49:00.001863-04:00 ===
2025-06-02 08:50:00 INFO === MONITOR JOB @ 2025-06-02 11:50:00.000837-04:00 ===
2025-06-02 08:51:00 INFO === MONITOR JOB @ 2025-06-02 11:51:00.004727-04:00 ===
2025-06-02 10:16:52 INFO Starting trading bot
2025-06-02 10:17:00 INFO === MONITOR JOB @ 2025-06-02 13:17:00.001626-04:00 ===
2025-06-02 10:17:00 INFO DEBUG MONITOR: got 0 positions: []
2025-06-02 10:17:00 INFO Total P/L across positions: 0.00 (to PT=95.00, to SL=95.00)
2025-06-02 10:18:00 INFO === MONITOR JOB @ 2025-06-02 13:18:00.005590-04:00 ===
2025-06-02 10:18:00 INFO DEBUG MONITOR: got 0 positions: []
2025-06-02 10:18:00 INFO Total P/L across positions: 0.00 (to PT=95.00, to SL=95.00)
2025-06-02 10:19:00 INFO === MONITOR JOB @ 2025-06-02 13:19:00.002756-04:00 ===
2025-06-02 10:19:00 INFO DEBUG MONITOR: got 0 positions: []
2025-06-02 10:19:00 INFO Total P/L across positions: 0.00 (to PT=95.00, to SL=95.00)
2025-06-02 10:20:00 INFO === MONITOR JOB @ 2025-06-02 13:20:00.003877-04:00 ===
2025-06-02 10:20:00 INFO DEBUG MONITOR: got 0 positions: []
2025-06-02 10:20:00 INFO Total P/L across positions: 0.00 (to PT=95.00, to SL=95.00)
2025-06-02 10:21:00 INFO === MONITOR JOB @ 2025-06-02 13:21:00.005489-04:00 ===
2025-06-02 10:21:00 INFO DEBUG MONITOR: got 0 positions: []
2025-06-02 10:21:00 INFO Total P/L across positions: 0.00 (to PT=95.00, to SL=95.00)
2025-06-02 10:22:00 INFO === MONITOR JOB @ 2025-06-02 13:22:00.001751-04:00 ===
2025-06-02 10:22:00 INFO DEBUG MONITOR: got 0 positions: []
2025-06-02 10:22:00 INFO Total P/L across positions: 0.00 (to PT=95.00, to SL=95.00)
2025-06-02 10:23:00 INFO === MONITOR JOB @ 2025-06-02 13:23:00.001470-04:00 ===
2025-06-02 10:23:00 INFO DEBUG MONITOR: got 0 positions: []
2025-06-02 10:23:00 INFO Total P/L across positions: 0.00 (to PT=95.00, to SL=95.00)
2025-06-02 10:24:00 INFO === MONITOR JOB @ 2025-06-02 13:24:00.001151-04:00 ===
2025-06-02 10:24:00 INFO DEBUG MONITOR: got 0 positions: []
2025-06-02 10:24:00 INFO Total P/L across positions: 0.00 (to PT=95.00, to SL=95.00)
2025-06-02 10:25:00 INFO === MONITOR JOB @ 2025-06-02 13:25:00.001772-04:00 ===
2025-06-02 10:25:00 INFO DEBUG MONITOR: got 0 positions: []
2025-06-02 10:25:00 INFO Total P/L across positions: 0.00 (to PT=95.00, to SL=95.00)
2025-06-02 10:26:00 INFO === MONITOR JOB @ 2025-06-02 13:26:00.004483-04:00 ===
2025-06-02 10:26:00 INFO DEBUG MONITOR: got 0 positions: []
2025-06-02 10:26:00 INFO Total P/L across positions: 0.00 (to PT=95.00, to SL=95.00)
2025-06-02 10:27:00 INFO === MONITOR JOB @ 2025-06-02 13:27:00.001739-04:00 ===
2025-06-02 10:27:00 INFO DEBUG MONITOR: got 0 positions: []
2025-06-02 10:27:00 INFO Total P/L across positions: 0.00 (to PT=95.00, to SL=95.00)
2025-06-02 10:28:00 INFO === MONITOR JOB @ 2025-06-02 13:28:00.000550-04:00 ===
2025-06-02 10:28:00 INFO DEBUG MONITOR: got 0 positions: []
2025-06-02 10:28:00 INFO Total P/L across positions: 0.00 (to PT=95.00, to SL=95.00)
2025-06-02 10:29:00 INFO === MONITOR JOB @ 2025-06-02 13:29:00.000831-04:00 ===
2025-06-02 10:29:00 INFO DEBUG MONITOR: got 0 positions: []
2025-06-02 10:29:00 INFO Total P/L across positions: 0.00 (to PT=95.00, to SL=95.00)
2025-06-02 10:30:00 INFO === MONITOR JOB @ 2025-06-02 13:30:00.001119-04:00 ===
2025-06-02 10:30:00 INFO DEBUG MONITOR: got 0 positions: []
2025-06-02 10:30:00 INFO Total P/L across positions: 0.00 (to PT=95.00, to SL=95.00)
2025-06-02 10:31:00 INFO === MONITOR JOB @ 2025-06-02 13:31:00.000636-04:00 ===
2025-06-02 10:31:00 INFO DEBUG MONITOR: got 0 positions: []
2025-06-02 10:31:00 INFO Total P/L across positions: 0.00 (to PT=95.00, to SL=95.00)
2025-06-02 10:32:00 INFO === MONITOR JOB @ 2025-06-02 13:32:00.010549-04:00 ===
2025-06-02 10:32:00 INFO DEBUG MONITOR: got 0 positions: []
2025-06-02 10:32:00 INFO Total P/L across positions: 0.00 (to PT=95.00, to SL=95.00)
2025-06-02 10:33:00 INFO === MONITOR JOB @ 2025-06-02 13:33:00.007085-04:00 ===
2025-06-02 10:33:00 INFO DEBUG MONITOR: got 0 positions: []
2025-06-02 10:33:00 INFO Total P/L across positions: 0.00 (to PT=95.00, to SL=95.00)
2025-06-02 10:34:00 INFO === MONITOR JOB @ 2025-06-02 13:34:00.005832-04:00 ===
2025-06-02 10:34:00 INFO DEBUG MONITOR: got 0 positions: []
2025-06-02 10:34:00 INFO Total P/L across positions: 0.00 (to PT=95.00, to SL=95.00)
2025-06-02 10:35:00 INFO === MONITOR JOB @ 2025-06-02 13:35:00.001798-04:00 ===
2025-06-02 10:35:00 INFO DEBUG MONITOR: got 0 positions: []
2025-06-02 10:35:00 INFO Total P/L across positions: 0.00 (to PT=95.00, to SL=95.00)
2025-06-02 10:36:00 INFO === MONITOR JOB @ 2025-06-02 13:36:00.001168-04:00 ===
2025-06-02 10:36:00 INFO DEBUG MONITOR: got 0 positions: []
2025-06-02 10:36:00 INFO Total P/L across positions: 0.00 (to PT=95.00, to SL=95.00)
2025-06-02 10:37:00 INFO === MONITOR JOB @ 2025-06-02 13:37:00.006879-04:00 ===
2025-06-02 10:37:00 INFO DEBUG MONITOR: got 0 positions: []
2025-06-02 10:37:00 INFO Total P/L across positions: 0.00 (to PT=95.00, to SL=95.00)
2025-06-02 10:38:00 INFO === MONITOR JOB @ 2025-06-02 13:38:00.001715-04:00 ===
2025-06-02 10:38:00 INFO DEBUG MONITOR: got 0 positions: []
2025-06-02 10:38:00 INFO Total P/L across positions: 0.00 (to PT=95.00, to SL=95.00)
2025-06-02 10:39:00 INFO === MONITOR JOB @ 2025-06-02 13:39:00.003292-04:00 ===
2025-06-02 10:39:00 INFO DEBUG MONITOR: got 0 positions: []
2025-06-02 10:39:00 INFO Total P/L across positions: 0.00 (to PT=95.00, to SL=95.00)
2025-06-02 10:40:00 INFO === MONITOR JOB @ 2025-06-02 13:40:00.005812-04:00 ===
2025-06-02 10:40:00 INFO DEBUG MONITOR: got 0 positions: []
2025-06-02 10:40:00 INFO Total P/L across positions: 0.00 (to PT=95.00, to SL=95.00)
2025-06-02 10:41:00 INFO === MONITOR JOB @ 2025-06-02 13:41:00.010564-04:00 ===
2025-06-02 10:41:00 INFO DEBUG MONITOR: got 0 positions: []
2025-06-02 10:41:00 INFO Total P/L across positions: 0.00 (to PT=95.00, to SL=95.00)
2025-06-02 10:42:00 INFO === MONITOR JOB @ 2025-06-02 13:42:00.007032-04:00 ===
2025-06-02 10:42:00 INFO DEBUG MONITOR: got 0 positions: []
2025-06-02 10:42:00 INFO Total P/L across positions: 0.00 (to PT=95.00, to SL=95.00)
2025-06-02 10:43:00 INFO === MONITOR JOB @ 2025-06-02 13:43:00.003567-04:00 ===
2025-06-02 10:43:00 INFO DEBUG MONITOR: got 0 positions: []
2025-06-02 10:43:00 INFO Total P/L across positions: 0.00 (to PT=95.00, to SL=95.00)
2025-06-02 10:44:00 INFO === MONITOR JOB @ 2025-06-02 13:44:00.001172-04:00 ===
2025-06-02 10:44:00 INFO DEBUG MONITOR: got 0 positions: []
2025-06-02 10:44:00 INFO Total P/L across positions: 0.00 (to PT=95.00, to SL=95.00)
2025-06-02 10:45:00 INFO === MONITOR JOB @ 2025-06-02 13:45:00.010693-04:00 ===
2025-06-02 10:45:00 INFO DEBUG MONITOR: got 0 positions: []
2025-06-02 10:45:00 INFO Total P/L across positions: 0.00 (to PT=95.00, to SL=95.00)
2025-06-02 10:46:00 INFO === MONITOR JOB @ 2025-06-02 13:46:00.005489-04:00 ===
2025-06-02 10:46:00 INFO DEBUG MONITOR: got 0 positions: []
2025-06-02 10:46:00 INFO Total P/L across positions: 0.00 (to PT=95.00, to SL=95.00)
2025-06-02 10:47:00 INFO === MONITOR JOB @ 2025-06-02 13:47:00.008719-04:00 ===
2025-06-02 10:47:00 INFO DEBUG MONITOR: got 0 positions: []
2025-06-02 10:47:00 INFO Total P/L across positions: 0.00 (to PT=95.00, to SL=95.00)
2025-06-02 10:48:00 INFO === MONITOR JOB @ 2025-06-02 13:48:00.004101-04:00 ===
2025-06-02 10:48:00 INFO DEBUG MONITOR: got 0 positions: []
2025-06-02 10:48:00 INFO Total P/L across positions: 0.00 (to PT=95.00, to SL=95.00)
2025-06-02 10:49:00 INFO === MONITOR JOB @ 2025-06-02 13:49:00.007610-04:00 ===
2025-06-02 10:49:00 INFO DEBUG MONITOR: got 0 positions: []
2025-06-02 10:49:00 INFO Total P/L across positions: 0.00 (to PT=95.00, to SL=95.00)
2025-06-02 10:50:00 INFO === MONITOR JOB @ 2025-06-02 13:50:00.005630-04:00 ===
2025-06-02 10:50:00 INFO DEBUG MONITOR: got 0 positions: []
2025-06-02 10:50:00 INFO Total P/L across positions: 0.00 (to PT=95.00, to SL=95.00)
2025-06-02 10:51:00 INFO === MONITOR JOB @ 2025-06-02 13:51:00.003376-04:00 ===
2025-06-02 10:51:00 INFO DEBUG MONITOR: got 0 positions: []
2025-06-02 10:51:00 INFO Total P/L across positions: 0.00 (to PT=95.00, to SL=95.00)
2025-06-02 10:52:00 INFO === MONITOR JOB @ 2025-06-02 13:52:00.007014-04:00 ===
2025-06-02 10:52:00 INFO DEBUG MONITOR: got 0 positions: []
2025-06-02 10:52:00 INFO Total P/L across positions: 0.00 (to PT=95.00, to SL=95.00)
2025-06-02 10:53:00 INFO === MONITOR JOB @ 2025-06-02 13:53:00.009169-04:00 ===
2025-06-02 10:53:00 INFO DEBUG MONITOR: got 0 positions: []
2025-06-02 10:53:00 INFO Total P/L across positions: 0.00 (to PT=95.00, to SL=95.00)
2025-06-02 10:54:00 INFO === MONITOR JOB @ 2025-06-02 13:54:00.004335-04:00 ===
2025-06-02 10:54:00 INFO DEBUG MONITOR: got 0 positions: []
2025-06-02 10:54:00 INFO Total P/L across positions: 0.00 (to PT=95.00, to SL=95.00)
2025-06-02 10:55:00 INFO === MONITOR JOB @ 2025-06-02 13:55:00.005996-04:00 ===
2025-06-02 10:55:00 INFO DEBUG MONITOR: got 0 positions: []
2025-06-02 10:55:00 INFO Total P/L across positions: 0.00 (to PT=95.00, to SL=95.00)
2025-06-02 10:56:00 INFO === MONITOR JOB @ 2025-06-02 13:56:00.003034-04:00 ===
2025-06-02 10:56:00 INFO DEBUG MONITOR: got 0 positions: []
2025-06-02 10:56:00 INFO Total P/L across positions: 0.00 (to PT=95.00, to SL=95.00)
2025-06-02 10:57:00 INFO === MONITOR JOB @ 2025-06-02 13:57:00.010816-04:00 ===
2025-06-02 10:57:00 INFO DEBUG MONITOR: got 0 positions: []
2025-06-02 10:57:00 INFO Total P/L across positions: 0.00 (to PT=95.00, to SL=95.00)
2025-06-02 10:58:00 INFO === MONITOR JOB @ 2025-06-02 13:58:00.004635-04:00 ===
2025-06-02 10:58:00 INFO DEBUG MONITOR: got 0 positions: []
2025-06-02 10:58:00 INFO Total P/L across positions: 0.00 (to PT=95.00, to SL=95.00)
2025-06-02 10:59:00 INFO === MONITOR JOB @ 2025-06-02 13:59:00.004183-04:00 ===
2025-06-02 10:59:00 INFO DEBUG MONITOR: got 0 positions: []
2025-06-02 10:59:00 INFO Total P/L across positions: 0.00 (to PT=95.00, to SL=95.00)
2025-06-02 11:00:00 INFO === MONITOR JOB @ 2025-06-02 14:00:00.003689-04:00 ===
2025-06-02 11:00:00 INFO DEBUG MONITOR: got 0 positions: []
2025-06-02 11:00:00 INFO Total P/L across positions: 0.00 (to PT=95.00, to SL=95.00)
2025-06-02 11:01:00 INFO === MONITOR JOB @ 2025-06-02 14:01:00.004845-04:00 ===
2025-06-02 11:01:00 INFO DEBUG MONITOR: got 0 positions: []
2025-06-02 11:01:00 INFO Total P/L across positions: 0.00 (to PT=95.00, to SL=95.00)
2025-06-02 11:02:00 INFO === MONITOR JOB @ 2025-06-02 14:02:00.005825-04:00 ===
2025-06-02 11:02:00 INFO DEBUG MONITOR: got 0 positions: []
2025-06-02 11:02:00 INFO Total P/L across positions: 0.00 (to PT=95.00, to SL=95.00)
2025-06-02 11:03:00 INFO === MONITOR JOB @ 2025-06-02 14:03:00.005662-04:00 ===
2025-06-02 11:03:00 INFO DEBUG MONITOR: got 0 positions: []
2025-06-02 11:03:00 INFO Total P/L across positions: 0.00 (to PT=95.00, to SL=95.00)
2025-06-02 11:04:00 INFO === MONITOR JOB @ 2025-06-02 14:04:00.003078-04:00 ===
2025-06-02 11:04:00 INFO DEBUG MONITOR: got 0 positions: []
2025-06-02 11:04:00 INFO Total P/L across positions: 0.00 (to PT=95.00, to SL=95.00)
2025-06-02 11:05:00 INFO === MONITOR JOB @ 2025-06-02 14:05:00.005186-04:00 ===
2025-06-02 11:05:00 INFO DEBUG MONITOR: got 0 positions: []
2025-06-02 11:05:00 INFO Total P/L across positions: 0.00 (to PT=95.00, to SL=95.00)
2025-06-02 11:06:00 INFO === MONITOR JOB @ 2025-06-02 14:06:00.004606-04:00 ===
2025-06-02 11:06:00 INFO DEBUG MONITOR: got 0 positions: []
2025-06-02 11:06:00 INFO Total P/L across positions: 0.00 (to PT=95.00, to SL=95.00)
2025-06-02 11:07:00 INFO === MONITOR JOB @ 2025-06-02 14:07:00.000850-04:00 ===
2025-06-02 11:07:00 INFO DEBUG MONITOR: got 0 positions: []
2025-06-02 11:07:00 INFO Total P/L across positions: 0.00 (to PT=95.00, to SL=95.00)
2025-06-02 11:08:00 INFO === MONITOR JOB @ 2025-06-02 14:08:00.003113-04:00 ===
2025-06-02 11:08:00 INFO DEBUG MONITOR: got 0 positions: []
2025-06-02 11:08:00 INFO Total P/L across positions: 0.00 (to PT=95.00, to SL=95.00)
2025-06-02 11:09:00 INFO === MONITOR JOB @ 2025-06-02 14:09:00.004305-04:00 ===
2025-06-02 11:09:00 INFO DEBUG MONITOR: got 0 positions: []
2025-06-02 11:09:00 INFO Total P/L across positions: 0.00 (to PT=95.00, to SL=95.00)
2025-06-02 11:10:00 INFO === MONITOR JOB @ 2025-06-02 14:10:00.010526-04:00 ===
2025-06-02 11:10:00 INFO DEBUG MONITOR: got 0 positions: []
2025-06-02 11:10:00 INFO Total P/L across positions: 0.00 (to PT=95.00, to SL=95.00)
2025-06-02 11:11:00 INFO === MONITOR JOB @ 2025-06-02 14:11:00.001540-04:00 ===
2025-06-02 11:11:00 INFO DEBUG MONITOR: got 0 positions: []
2025-06-02 11:11:00 INFO Total P/L across positions: 0.00 (to PT=95.00, to SL=95.00)
2025-06-02 11:12:00 INFO === MONITOR JOB @ 2025-06-02 14:12:00.005465-04:00 ===
2025-06-02 11:12:00 INFO DEBUG MONITOR: got 0 positions: []
2025-06-02 11:12:00 INFO Total P/L across positions: 0.00 (to PT=95.00, to SL=95.00)
2025-06-02 11:13:00 INFO === MONITOR JOB @ 2025-06-02 14:13:00.005100-04:00 ===
2025-06-02 11:13:00 INFO DEBUG MONITOR: got 0 positions: []
2025-06-02 11:13:00 INFO Total P/L across positions: 0.00 (to PT=95.00, to SL=95.00)
2025-06-02 11:14:00 INFO === MONITOR JOB @ 2025-06-02 14:14:00.008041-04:00 ===
2025-06-02 11:14:00 INFO DEBUG MONITOR: got 0 positions: []
2025-06-02 11:14:00 INFO Total P/L across positions: 0.00 (to PT=95.00, to SL=95.00)
2025-06-02 11:15:00 INFO === MONITOR JOB @ 2025-06-02 14:15:00.005500-04:00 ===
2025-06-02 11:15:00 INFO DEBUG MONITOR: got 0 positions: []
2025-06-02 11:15:00 INFO Total P/L across positions: 0.00 (to PT=95.00, to SL=95.00)
2025-06-02 11:16:00 INFO === MONITOR JOB @ 2025-06-02 14:16:00.000591-04:00 ===
2025-06-02 11:16:00 INFO DEBUG MONITOR: got 0 positions: []
2025-06-02 11:16:00 INFO Total P/L across positions: 0.00 (to PT=95.00, to SL=95.00)
2025-06-02 11:17:00 INFO === MONITOR JOB @ 2025-06-02 14:17:00.003939-04:00 ===
2025-06-02 11:17:00 INFO DEBUG MONITOR: got 0 positions: []
2025-06-02 11:17:00 INFO Total P/L across positions: 0.00 (to PT=95.00, to SL=95.00)
2025-06-02 11:18:00 INFO === MONITOR JOB @ 2025-06-02 14:18:00.003873-04:00 ===
2025-06-02 11:18:00 INFO DEBUG MONITOR: got 0 positions: []
2025-06-02 11:18:00 INFO Total P/L across positions: 0.00 (to PT=95.00, to SL=95.00)
2025-06-02 11:19:00 INFO === MONITOR JOB @ 2025-06-02 14:19:00.008035-04:00 ===
2025-06-02 11:19:00 INFO DEBUG MONITOR: got 0 positions: []
2025-06-02 11:19:00 INFO Total P/L across positions: 0.00 (to PT=95.00, to SL=95.00)
2025-06-02 11:20:00 INFO === MONITOR JOB @ 2025-06-02 14:20:00.002799-04:00 ===
2025-06-02 11:20:00 INFO DEBUG MONITOR: got 0 positions: []
2025-06-02 11:20:00 INFO Total P/L across positions: 0.00 (to PT=95.00, to SL=95.00)
2025-06-02 11:21:00 INFO === MONITOR JOB @ 2025-06-02 14:21:00.001816-04:00 ===
2025-06-02 11:21:00 INFO DEBUG MONITOR: got 0 positions: []
2025-06-02 11:21:00 INFO Total P/L across positions: 0.00 (to PT=95.00, to SL=95.00)
2025-06-02 11:22:00 INFO === MONITOR JOB @ 2025-06-02 14:22:00.003732-04:00 ===
2025-06-02 11:22:00 INFO DEBUG MONITOR: got 0 positions: []
2025-06-02 11:22:00 INFO Total P/L across positions: 0.00 (to PT=95.00, to SL=95.00)
2025-06-02 11:23:00 INFO === MONITOR JOB @ 2025-06-02 14:23:00.010090-04:00 ===
2025-06-02 11:23:00 INFO DEBUG MONITOR: got 0 positions: []
2025-06-02 11:23:00 INFO Total P/L across positions: 0.00 (to PT=95.00, to SL=95.00)
2025-06-02 11:24:00 INFO === MONITOR JOB @ 2025-06-02 14:24:00.002916-04:00 ===
2025-06-02 11:24:00 INFO DEBUG MONITOR: got 0 positions: []
2025-06-02 11:24:00 INFO Total P/L across positions: 0.00 (to PT=95.00, to SL=95.00)
2025-06-02 11:25:00 INFO === MONITOR JOB @ 2025-06-02 14:25:00.001936-04:00 ===
2025-06-02 11:25:00 INFO DEBUG MONITOR: got 0 positions: []
2025-06-02 11:25:00 INFO Total P/L across positions: 0.00 (to PT=95.00, to SL=95.00)
2025-06-02 11:26:00 INFO === MONITOR JOB @ 2025-06-02 14:26:00.009119-04:00 ===
2025-06-02 11:26:00 INFO DEBUG MONITOR: got 0 positions: []
2025-06-02 11:26:00 INFO Total P/L across positions: 0.00 (to PT=95.00, to SL=95.00)
2025-06-02 11:27:00 INFO === MONITOR JOB @ 2025-06-02 14:27:00.005229-04:00 ===
2025-06-02 11:27:00 INFO DEBUG MONITOR: got 0 positions: []
2025-06-02 11:27:00 INFO Total P/L across positions: 0.00 (to PT=95.00, to SL=95.00)
2025-06-02 11:28:00 INFO === MONITOR JOB @ 2025-06-02 14:28:00.010676-04:00 ===
2025-06-02 11:28:00 INFO DEBUG MONITOR: got 0 positions: []
2025-06-02 11:28:00 INFO Total P/L across positions: 0.00 (to PT=95.00, to SL=95.00)
2025-06-02 11:29:00 INFO === MONITOR JOB @ 2025-06-02 14:29:00.005375-04:00 ===
2025-06-02 11:29:00 INFO DEBUG MONITOR: got 0 positions: []
2025-06-02 11:29:00 INFO Total P/L across positions: 0.00 (to PT=95.00, to SL=95.00)
2025-06-02 11:30:00 INFO === MONITOR JOB @ 2025-06-02 14:30:00.005475-04:00 ===
2025-06-02 11:30:00 INFO DEBUG MONITOR: got 0 positions: []
2025-06-02 11:30:00 INFO Total P/L across positions: 0.00 (to PT=95.00, to SL=95.00)
2025-06-02 11:31:00 INFO === MONITOR JOB @ 2025-06-02 14:31:00.003397-04:00 ===
2025-06-02 11:31:00 INFO DEBUG MONITOR: got 0 positions: []
2025-06-02 11:31:00 INFO Total P/L across positions: 0.00 (to PT=95.00, to SL=95.00)
2025-06-02 11:32:00 INFO === MONITOR JOB @ 2025-06-02 14:32:00.004243-04:00 ===
2025-06-02 11:32:00 INFO DEBUG MONITOR: got 0 positions: []
2025-06-02 11:32:00 INFO Total P/L across positions: 0.00 (to PT=95.00, to SL=95.00)
2025-06-02 11:33:00 INFO === MONITOR JOB @ 2025-06-02 14:33:00.001508-04:00 ===
2025-06-02 11:33:00 INFO DEBUG MONITOR: got 0 positions: []
2025-06-02 11:33:00 INFO Total P/L across positions: 0.00 (to PT=95.00, to SL=95.00)
2025-06-02 11:34:00 INFO === MONITOR JOB @ 2025-06-02 14:34:00.007733-04:00 ===
2025-06-02 11:34:00 INFO DEBUG MONITOR: got 0 positions: []
2025-06-02 11:34:00 INFO Total P/L across positions: 0.00 (to PT=95.00, to SL=95.00)
2025-06-02 11:35:00 INFO === MONITOR JOB @ 2025-06-02 14:35:00.000933-04:00 ===
2025-06-02 11:35:00 INFO DEBUG MONITOR: got 0 positions: []
2025-06-02 11:35:00 INFO Total P/L across positions: 0.00 (to PT=95.00, to SL=95.00)
2025-06-02 11:36:00 INFO === MONITOR JOB @ 2025-06-02 14:36:00.000558-04:00 ===
2025-06-02 11:36:00 INFO DEBUG MONITOR: got 0 positions: []
2025-06-02 11:36:00 INFO Total P/L across positions: 0.00 (to PT=95.00, to SL=95.00)
2025-06-02 11:37:00 INFO === MONITOR JOB @ 2025-06-02 14:37:00.007283-04:00 ===
2025-06-02 11:37:00 INFO DEBUG MONITOR: got 0 positions: []
2025-06-02 11:37:00 INFO Total P/L across positions: 0.00 (to PT=95.00, to SL=95.00)
2025-06-02 11:38:00 INFO === MONITOR JOB @ 2025-06-02 14:38:00.001549-04:00 ===
2025-06-02 11:38:00 INFO DEBUG MONITOR: got 0 positions: []
2025-06-02 11:38:00 INFO Total P/L across positions: 0.00 (to PT=95.00, to SL=95.00)
2025-06-02 11:39:00 INFO === MONITOR JOB @ 2025-06-02 14:39:00.002477-04:00 ===
2025-06-02 11:39:00 INFO DEBUG MONITOR: got 0 positions: []
2025-06-02 11:39:00 INFO Total P/L across positions: 0.00 (to PT=95.00, to SL=95.00)
2025-06-02 11:40:00 INFO === MONITOR JOB @ 2025-06-02 14:40:00.007482-04:00 ===
2025-06-02 11:40:00 INFO DEBUG MONITOR: got 0 positions: []
2025-06-02 11:40:00 INFO Total P/L across positions: 0.00 (to PT=95.00, to SL=95.00)
2025-06-02 11:41:00 INFO === MONITOR JOB @ 2025-06-02 14:41:00.003194-04:00 ===
2025-06-02 11:41:00 INFO DEBUG MONITOR: got 0 positions: []
2025-06-02 11:41:00 INFO Total P/L across positions: 0.00 (to PT=95.00, to SL=95.00)
2025-06-02 11:42:00 INFO === MONITOR JOB @ 2025-06-02 14:42:00.004598-04:00 ===
2025-06-02 11:42:00 INFO DEBUG MONITOR: got 0 positions: []
2025-06-02 11:42:00 INFO Total P/L across positions: 0.00 (to PT=95.00, to SL=95.00)
2025-06-02 11:43:00 INFO === MONITOR JOB @ 2025-06-02 14:43:00.003158-04:00 ===
2025-06-02 11:43:00 INFO DEBUG MONITOR: got 0 positions: []
2025-06-02 11:43:00 INFO Total P/L across positions: 0.00 (to PT=95.00, to SL=95.00)
2025-06-02 11:44:00 INFO === MONITOR JOB @ 2025-06-02 14:44:00.001014-04:00 ===
2025-06-02 11:44:00 INFO DEBUG MONITOR: got 0 positions: []
2025-06-02 11:44:00 INFO Total P/L across positions: 0.00 (to PT=95.00, to SL=95.00)
2025-06-02 11:45:00 INFO === MONITOR JOB @ 2025-06-02 14:45:00.004215-04:00 ===
2025-06-02 11:45:00 INFO DEBUG MONITOR: got 0 positions: []
2025-06-02 11:45:00 INFO Total P/L across positions: 0.00 (to PT=95.00, to SL=95.00)
2025-06-02 11:46:00 INFO === MONITOR JOB @ 2025-06-02 14:46:00.005659-04:00 ===
2025-06-02 11:46:00 INFO DEBUG MONITOR: got 0 positions: []
2025-06-02 11:46:00 INFO Total P/L across positions: 0.00 (to PT=95.00, to SL=95.00)
2025-06-02 11:47:00 INFO === MONITOR JOB @ 2025-06-02 14:47:00.011134-04:00 ===
2025-06-02 11:47:00 INFO DEBUG MONITOR: got 0 positions: []
2025-06-02 11:47:00 INFO Total P/L across positions: 0.00 (to PT=95.00, to SL=95.00)
2025-06-02 11:48:00 INFO === MONITOR JOB @ 2025-06-02 14:48:00.002703-04:00 ===
2025-06-02 11:48:00 INFO DEBUG MONITOR: got 0 positions: []
2025-06-02 11:48:00 INFO Total P/L across positions: 0.00 (to PT=95.00, to SL=95.00)
2025-06-02 11:49:00 INFO === MONITOR JOB @ 2025-06-02 14:49:00.004462-04:00 ===
2025-06-02 11:49:00 INFO DEBUG MONITOR: got 0 positions: []
2025-06-02 11:49:00 INFO Total P/L across positions: 0.00 (to PT=95.00, to SL=95.00)
2025-06-02 11:50:00 INFO === MONITOR JOB @ 2025-06-02 14:50:00.010912-04:00 ===
2025-06-02 11:50:00 INFO DEBUG MONITOR: got 0 positions: []
2025-06-02 11:50:00 INFO Total P/L across positions: 0.00 (to PT=95.00, to SL=95.00)
2025-06-02 11:51:00 INFO === MONITOR JOB @ 2025-06-02 14:51:00.002503-04:00 ===
2025-06-02 11:51:00 INFO DEBUG MONITOR: got 0 positions: []
2025-06-02 11:51:00 INFO Total P/L across positions: 0.00 (to PT=95.00, to SL=95.00)
2025-06-02 11:52:00 INFO === MONITOR JOB @ 2025-06-02 14:52:00.005856-04:00 ===
2025-06-02 11:52:00 INFO DEBUG MONITOR: got 0 positions: []
2025-06-02 11:52:00 INFO Total P/L across positions: 0.00 (to PT=95.00, to SL=95.00)
2025-06-02 11:53:00 INFO === MONITOR JOB @ 2025-06-02 14:53:00.004335-04:00 ===
2025-06-02 11:53:00 INFO DEBUG MONITOR: got 0 positions: []
2025-06-02 11:53:00 INFO Total P/L across positions: 0.00 (to PT=95.00, to SL=95.00)
2025-06-02 11:54:00 INFO === MONITOR JOB @ 2025-06-02 14:54:00.007818-04:00 ===
2025-06-02 11:54:00 INFO DEBUG MONITOR: got 0 positions: []
2025-06-02 11:54:00 INFO Total P/L across positions: 0.00 (to PT=95.00, to SL=95.00)
2025-06-02 11:55:00 INFO === MONITOR JOB @ 2025-06-02 14:55:00.011899-04:00 ===
2025-06-02 11:55:00 INFO DEBUG MONITOR: got 0 positions: []
2025-06-02 11:55:00 INFO Total P/L across positions: 0.00 (to PT=95.00, to SL=95.00)
2025-06-02 11:56:00 INFO === MONITOR JOB @ 2025-06-02 14:56:00.001027-04:00 ===
2025-06-02 11:56:00 INFO DEBUG MONITOR: got 0 positions: []
2025-06-02 11:56:00 INFO Total P/L across positions: 0.00 (to PT=95.00, to SL=95.00)
2025-06-02 11:57:00 INFO === MONITOR JOB @ 2025-06-02 14:57:00.003838-04:00 ===
2025-06-02 11:57:00 INFO DEBUG MONITOR: got 0 positions: []
2025-06-02 11:57:00 INFO Total P/L across positions: 0.00 (to PT=95.00, to SL=95.00)
2025-06-02 11:58:00 INFO === MONITOR JOB @ 2025-06-02 14:58:00.005843-04:00 ===
2025-06-02 11:58:00 INFO DEBUG MONITOR: got 0 positions: []
2025-06-02 11:58:00 INFO Total P/L across positions: 0.00 (to PT=95.00, to SL=95.00)
2025-06-02 11:59:00 INFO === MONITOR JOB @ 2025-06-02 14:59:00.002163-04:00 ===
2025-06-02 11:59:00 INFO DEBUG MONITOR: got 0 positions: []
2025-06-02 11:59:00 INFO Total P/L across positions: 0.00 (to PT=95.00, to SL=95.00)
2025-06-02 12:00:00 INFO === MONITOR JOB @ 2025-06-02 15:00:00.006884-04:00 ===
2025-06-02 12:00:00 INFO DEBUG MONITOR: got 0 positions: []
2025-06-02 12:00:00 INFO Total P/L across positions: 0.00 (to PT=95.00, to SL=95.00)
2025-06-02 12:01:00 INFO === MONITOR JOB @ 2025-06-02 15:01:00.007590-04:00 ===
2025-06-02 12:01:00 INFO DEBUG MONITOR: got 0 positions: []
2025-06-02 12:01:00 INFO Total P/L across positions: 0.00 (to PT=95.00, to SL=95.00)
2025-06-02 12:02:00 INFO === MONITOR JOB @ 2025-06-02 15:02:00.006301-04:00 ===
2025-06-02 12:02:00 INFO DEBUG MONITOR: got 0 positions: []
2025-06-02 12:02:00 INFO Total P/L across positions: 0.00 (to PT=95.00, to SL=95.00)
2025-06-02 12:03:00 INFO === MONITOR JOB @ 2025-06-02 15:03:00.002446-04:00 ===
2025-06-02 12:03:00 INFO DEBUG MONITOR: got 0 positions: []
2025-06-02 12:03:00 INFO Total P/L across positions: 0.00 (to PT=95.00, to SL=95.00)
2025-06-02 12:04:00 INFO === MONITOR JOB @ 2025-06-02 15:04:00.020627-04:00 ===
2025-06-02 12:04:00 INFO DEBUG MONITOR: got 0 positions: []
2025-06-02 12:04:00 INFO Total P/L across positions: 0.00 (to PT=95.00, to SL=95.00)
2025-06-02 12:05:00 INFO === MONITOR JOB @ 2025-06-02 15:05:00.008427-04:00 ===
2025-06-02 12:05:00 INFO DEBUG MONITOR: got 0 positions: []
2025-06-02 12:05:00 INFO Total P/L across positions: 0.00 (to PT=95.00, to SL=95.00)
2025-06-02 12:06:00 INFO === MONITOR JOB @ 2025-06-02 15:06:00.006236-04:00 ===
2025-06-02 12:06:00 INFO DEBUG MONITOR: got 0 positions: []
2025-06-02 12:06:00 INFO Total P/L across positions: 0.00 (to PT=95.00, to SL=95.00)
2025-06-02 12:07:00 INFO === MONITOR JOB @ 2025-06-02 15:07:00.002836-04:00 ===
2025-06-02 12:07:00 INFO DEBUG MONITOR: got 0 positions: []
2025-06-02 12:07:00 INFO Total P/L across positions: 0.00 (to PT=95.00, to SL=95.00)
2025-06-02 12:08:00 INFO === MONITOR JOB @ 2025-06-02 15:08:00.005530-04:00 ===
2025-06-02 12:08:00 INFO DEBUG MONITOR: got 0 positions: []
2025-06-02 12:08:00 INFO Total P/L across positions: 0.00 (to PT=95.00, to SL=95.00)
2025-06-02 12:09:00 INFO === MONITOR JOB @ 2025-06-02 15:09:00.001625-04:00 ===
2025-06-02 12:09:00 INFO DEBUG MONITOR: got 0 positions: []
2025-06-02 12:09:00 INFO Total P/L across positions: 0.00 (to PT=95.00, to SL=95.00)
2025-06-02 12:10:00 INFO === MONITOR JOB @ 2025-06-02 15:10:00.004709-04:00 ===
2025-06-02 12:10:00 INFO DEBUG MONITOR: got 0 positions: []
2025-06-02 12:10:00 INFO Total P/L across positions: 0.00 (to PT=95.00, to SL=95.00)
2025-06-02 12:11:00 INFO === MONITOR JOB @ 2025-06-02 15:11:00.003159-04:00 ===
2025-06-02 12:11:00 INFO DEBUG MONITOR: got 0 positions: []
2025-06-02 12:11:00 INFO Total P/L across positions: 0.00 (to PT=95.00, to SL=95.00)
2025-06-02 12:12:00 INFO === MONITOR JOB @ 2025-06-02 15:12:00.001843-04:00 ===
2025-06-02 12:12:00 INFO DEBUG MONITOR: got 0 positions: []
2025-06-02 12:12:00 INFO Total P/L across positions: 0.00 (to PT=95.00, to SL=95.00)
2025-06-02 12:13:00 INFO === MONITOR JOB @ 2025-06-02 15:13:00.002552-04:00 ===
2025-06-02 12:13:00 INFO DEBUG MONITOR: got 0 positions: []
2025-06-02 12:13:00 INFO Total P/L across positions: 0.00 (to PT=95.00, to SL=95.00)
2025-06-02 12:14:00 INFO === MONITOR JOB @ 2025-06-02 15:14:00.004473-04:00 ===
2025-06-02 12:14:00 INFO DEBUG MONITOR: got 0 positions: []
2025-06-02 12:14:00 INFO Total P/L across positions: 0.00 (to PT=95.00, to SL=95.00)
2025-06-02 12:15:00 INFO === MONITOR JOB @ 2025-06-02 15:15:00.004911-04:00 ===
2025-06-02 12:15:00 INFO DEBUG MONITOR: got 0 positions: []
2025-06-02 12:15:00 INFO Total P/L across positions: 0.00 (to PT=95.00, to SL=95.00)
2025-06-02 12:16:00 INFO === MONITOR JOB @ 2025-06-02 15:16:00.004196-04:00 ===
2025-06-02 12:16:00 INFO DEBUG MONITOR: got 0 positions: []
2025-06-02 12:16:00 INFO Total P/L across positions: 0.00 (to PT=95.00, to SL=95.00)
2025-06-02 12:17:00 INFO === MONITOR JOB @ 2025-06-02 15:17:00.003813-04:00 ===
2025-06-02 12:17:00 INFO DEBUG MONITOR: got 0 positions: []
2025-06-02 12:17:00 INFO Total P/L across positions: 0.00 (to PT=95.00, to SL=95.00)
2025-06-02 12:18:00 INFO === MONITOR JOB @ 2025-06-02 15:18:00.003477-04:00 ===
2025-06-02 12:18:00 INFO DEBUG MONITOR: got 0 positions: []
2025-06-02 12:18:00 INFO Total P/L across positions: 0.00 (to PT=95.00, to SL=95.00)
2025-06-02 12:19:00 INFO === MONITOR JOB @ 2025-06-02 15:19:00.006264-04:00 ===
2025-06-02 12:19:00 INFO DEBUG MONITOR: got 0 positions: []
2025-06-02 12:19:00 INFO Total P/L across positions: 0.00 (to PT=95.00, to SL=95.00)
2025-06-02 12:20:00 INFO === MONITOR JOB @ 2025-06-02 15:20:00.002835-04:00 ===
2025-06-02 12:20:00 INFO DEBUG MONITOR: got 0 positions: []
2025-06-02 12:20:00 INFO Total P/L across positions: 0.00 (to PT=95.00, to SL=95.00)
2025-06-02 12:21:00 INFO === MONITOR JOB @ 2025-06-02 15:21:00.001379-04:00 ===
2025-06-02 12:21:00 INFO DEBUG MONITOR: got 0 positions: []
2025-06-02 12:21:00 INFO Total P/L across positions: 0.00 (to PT=95.00, to SL=95.00)
2025-06-02 12:22:00 INFO === MONITOR JOB @ 2025-06-02 15:22:00.001407-04:00 ===
2025-06-02 12:22:00 INFO DEBUG MONITOR: got 0 positions: []
2025-06-02 12:22:00 INFO Total P/L across positions: 0.00 (to PT=95.00, to SL=95.00)
2025-06-02 12:23:00 INFO === MONITOR JOB @ 2025-06-02 15:23:00.006181-04:00 ===
2025-06-02 12:23:00 INFO DEBUG MONITOR: got 0 positions: []
2025-06-02 12:23:00 INFO Total P/L across positions: 0.00 (to PT=95.00, to SL=95.00)
2025-06-02 12:24:00 INFO === MONITOR JOB @ 2025-06-02 15:24:00.007422-04:00 ===
2025-06-02 12:24:00 INFO DEBUG MONITOR: got 0 positions: []
2025-06-02 12:24:00 INFO Total P/L across positions: 0.00 (to PT=95.00, to SL=95.00)
2025-06-02 12:25:00 INFO === MONITOR JOB @ 2025-06-02 15:25:00.005654-04:00 ===
2025-06-02 12:25:00 INFO DEBUG MONITOR: got 0 positions: []
2025-06-02 12:25:00 INFO Total P/L across positions: 0.00 (to PT=95.00, to SL=95.00)
2025-06-02 12:26:00 INFO === MONITOR JOB @ 2025-06-02 15:26:00.004036-04:00 ===
2025-06-02 12:26:00 INFO DEBUG MONITOR: got 0 positions: []
2025-06-02 12:26:00 INFO Total P/L across positions: 0.00 (to PT=95.00, to SL=95.00)
2025-06-02 12:27:00 INFO === MONITOR JOB @ 2025-06-02 15:27:00.003122-04:00 ===
2025-06-02 12:27:00 INFO DEBUG MONITOR: got 0 positions: []
2025-06-02 12:27:00 INFO Total P/L across positions: 0.00 (to PT=95.00, to SL=95.00)
2025-06-02 12:28:00 INFO === MONITOR JOB @ 2025-06-02 15:28:00.004552-04:00 ===
2025-06-02 12:28:00 INFO DEBUG MONITOR: got 0 positions: []
2025-06-02 12:28:00 INFO Total P/L across positions: 0.00 (to PT=95.00, to SL=95.00)
2025-06-02 12:29:00 INFO === MONITOR JOB @ 2025-06-02 15:29:00.010717-04:00 ===
2025-06-02 12:29:00 INFO DEBUG MONITOR: got 0 positions: []
2025-06-02 12:29:00 INFO Total P/L across positions: 0.00 (to PT=95.00, to SL=95.00)
2025-06-02 12:30:00 INFO === MONITOR JOB @ 2025-06-02 15:30:00.004401-04:00 ===
2025-06-02 12:30:00 INFO DEBUG MONITOR: got 0 positions: []
2025-06-02 12:30:00 INFO Total P/L across positions: 0.00 (to PT=95.00, to SL=95.00)
2025-06-02 12:31:00 INFO === MONITOR JOB @ 2025-06-02 15:31:00.001513-04:00 ===
2025-06-02 12:31:00 INFO DEBUG MONITOR: got 0 positions: []
2025-06-02 12:31:00 INFO Total P/L across positions: 0.00 (to PT=95.00, to SL=95.00)
2025-06-02 12:32:00 INFO === MONITOR JOB @ 2025-06-02 15:32:00.004692-04:00 ===
2025-06-02 12:32:00 INFO DEBUG MONITOR: got 0 positions: []
2025-06-02 12:32:00 INFO Total P/L across positions: 0.00 (to PT=95.00, to SL=95.00)
2025-06-02 12:33:00 INFO === MONITOR JOB @ 2025-06-02 15:33:00.003523-04:00 ===
2025-06-02 12:33:00 INFO DEBUG MONITOR: got 0 positions: []
2025-06-02 12:33:00 INFO Total P/L across positions: 0.00 (to PT=95.00, to SL=95.00)
2025-06-02 12:34:00 INFO === MONITOR JOB @ 2025-06-02 15:34:00.000709-04:00 ===
2025-06-02 12:34:00 INFO DEBUG MONITOR: got 0 positions: []
2025-06-02 12:34:00 INFO Total P/L across positions: 0.00 (to PT=95.00, to SL=95.00)
2025-06-02 12:35:00 INFO === MONITOR JOB @ 2025-06-02 15:35:00.000659-04:00 ===
2025-06-02 12:35:00 INFO DEBUG MONITOR: got 0 positions: []
2025-06-02 12:35:00 INFO Total P/L across positions: 0.00 (to PT=95.00, to SL=95.00)
2025-06-02 12:36:00 INFO === MONITOR JOB @ 2025-06-02 15:36:00.006988-04:00 ===
2025-06-02 12:36:00 INFO DEBUG MONITOR: got 0 positions: []
2025-06-02 12:36:00 INFO Total P/L across positions: 0.00 (to PT=95.00, to SL=95.00)
2025-06-02 12:37:00 INFO === MONITOR JOB @ 2025-06-02 15:37:00.001778-04:00 ===
2025-06-02 12:37:00 INFO DEBUG MONITOR: got 0 positions: []
2025-06-02 12:37:00 INFO Total P/L across positions: 0.00 (to PT=95.00, to SL=95.00)
2025-06-02 12:38:00 INFO === MONITOR JOB @ 2025-06-02 15:38:00.001019-04:00 ===
2025-06-02 12:38:00 INFO DEBUG MONITOR: got 0 positions: []
2025-06-02 12:38:00 INFO Total P/L across positions: 0.00 (to PT=95.00, to SL=95.00)
2025-06-02 12:39:00 INFO === MONITOR JOB @ 2025-06-02 15:39:00.001201-04:00 ===
2025-06-02 12:39:00 INFO DEBUG MONITOR: got 0 positions: []
2025-06-02 12:39:00 INFO Total P/L across positions: 0.00 (to PT=95.00, to SL=95.00)
2025-06-02 12:40:00 INFO === MONITOR JOB @ 2025-06-02 15:40:00.000881-04:00 ===
2025-06-02 12:40:00 INFO DEBUG MONITOR: got 0 positions: []
2025-06-02 12:40:00 INFO Total P/L across positions: 0.00 (to PT=95.00, to SL=95.00)
2025-06-02 12:41:00 INFO === MONITOR JOB @ 2025-06-02 15:41:00.000998-04:00 ===
2025-06-02 12:41:00 INFO DEBUG MONITOR: got 0 positions: []
2025-06-02 12:41:00 INFO Total P/L across positions: 0.00 (to PT=95.00, to SL=95.00)
2025-06-02 12:42:00 INFO === MONITOR JOB @ 2025-06-02 15:42:00.002350-04:00 ===
2025-06-02 12:42:00 INFO DEBUG MONITOR: got 0 positions: []
2025-06-02 12:42:00 INFO Total P/L across positions: 0.00 (to PT=95.00, to SL=95.00)
2025-06-02 12:43:00 INFO === MONITOR JOB @ 2025-06-02 15:43:00.002149-04:00 ===
2025-06-02 12:43:00 INFO DEBUG MONITOR: got 0 positions: []
2025-06-02 12:43:00 INFO Total P/L across positions: 0.00 (to PT=95.00, to SL=95.00)
2025-06-02 12:44:00 INFO === MONITOR JOB @ 2025-06-02 15:44:00.005473-04:00 ===
2025-06-02 12:44:00 INFO DEBUG MONITOR: got 0 positions: []
2025-06-02 12:44:00 INFO Total P/L across positions: 0.00 (to PT=95.00, to SL=95.00)
2025-06-02 12:45:00 INFO === EXIT JOB @ 2025-06-02 15:45:00.001649-04:00 ===
2025-06-02 12:45:00 INFO === MONITOR JOB @ 2025-06-02 15:45:00.001866-04:00 ===
2025-06-02 12:45:00 INFO All positions closed.
2025-06-02 12:45:00 INFO DEBUG MONITOR: got 0 positions: []
2025-06-02 12:45:00 INFO Total P/L across positions: 0.00 (to PT=95.00, to SL=95.00)
2025-06-02 12:45:05 INFO Starting trading bot
2025-06-02 12:46:00 INFO === MONITOR JOB @ 2025-06-02 15:46:00.002188-04:00 ===
2025-06-02 12:46:00 INFO DEBUG MONITOR: got 0 positions: []
2025-06-02 12:46:00 INFO Total P/L across positions: 0.00 (to PT=95.00, to SL=95.00)
2025-06-02 12:47:00 INFO === MONITOR JOB @ 2025-06-02 15:47:00.001115-04:00 ===
2025-06-02 12:47:00 INFO DEBUG MONITOR: got 0 positions: []
2025-06-02 12:47:00 INFO Total P/L across positions: 0.00 (to PT=95.00, to SL=95.00)
2025-06-02 12:48:00 INFO === MONITOR JOB @ 2025-06-02 15:48:00.002376-04:00 ===
2025-06-02 12:48:00 INFO DEBUG MONITOR: got 0 positions: []
2025-06-02 12:48:00 INFO Total P/L across positions: 0.00 (to PT=95.00, to SL=95.00)
2025-06-02 12:49:00 INFO === MONITOR JOB @ 2025-06-02 15:49:00.003621-04:00 ===
2025-06-02 12:49:00 INFO DEBUG MONITOR: got 0 positions: []
2025-06-02 12:49:00 INFO Total P/L across positions: 0.00 (to PT=95.00, to SL=95.00)
2025-06-02 12:50:00 INFO === MONITOR JOB @ 2025-06-02 15:50:00.003385-04:00 ===
2025-06-02 12:50:00 INFO DEBUG MONITOR: got 0 positions: []
2025-06-02 12:50:00 INFO Total P/L across positions: 0.00 (to PT=95.00, to SL=95.00)
2025-06-02 12:51:00 INFO === MONITOR JOB @ 2025-06-02 15:51:00.004228-04:00 ===
2025-06-02 12:51:00 INFO DEBUG MONITOR: got 0 positions: []
2025-06-02 12:51:00 INFO Total P/L across positions: 0.00 (to PT=95.00, to SL=95.00)
2025-06-02 12:52:00 INFO === MONITOR JOB @ 2025-06-02 15:52:00.005137-04:00 ===
2025-06-02 12:52:00 INFO DEBUG MONITOR: got 0 positions: []
2025-06-02 12:52:00 INFO Total P/L across positions: 0.00 (to PT=95.00, to SL=95.00)
2025-06-02 12:53:00 INFO === MONITOR JOB @ 2025-06-02 15:53:00.002979-04:00 ===
2025-06-02 12:53:00 INFO DEBUG MONITOR: got 0 positions: []
2025-06-02 12:53:00 INFO Total P/L across positions: 0.00 (to PT=95.00, to SL=95.00)
2025-06-02 12:54:00 INFO === MONITOR JOB @ 2025-06-02 15:54:00.004100-04:00 ===
2025-06-02 12:54:00 INFO DEBUG MONITOR: got 0 positions: []
2025-06-02 12:54:00 INFO Total P/L across positions: 0.00 (to PT=95.00, to SL=95.00)
2025-06-02 12:55:00 INFO === MONITOR JOB @ 2025-06-02 15:55:00.002803-04:00 ===
2025-06-02 12:55:00 INFO DEBUG MONITOR: got 0 positions: []
2025-06-02 12:55:00 INFO Total P/L across positions: 0.00 (to PT=95.00, to SL=95.00)
2025-06-02 12:56:00 INFO === MONITOR JOB @ 2025-06-02 15:56:00.004504-04:00 ===
2025-06-02 12:56:00 INFO DEBUG MONITOR: got 0 positions: []
2025-06-02 12:56:00 INFO Total P/L across positions: 0.00 (to PT=95.00, to SL=95.00)
2025-06-02 12:57:00 INFO === MONITOR JOB @ 2025-06-02 15:57:00.000988-04:00 ===
2025-06-02 12:57:00 INFO DEBUG MONITOR: got 0 positions: []
2025-06-02 12:57:00 INFO Total P/L across positions: 0.00 (to PT=95.00, to SL=95.00)
2025-06-02 12:58:00 INFO === MONITOR JOB @ 2025-06-02 15:58:00.005262-04:00 ===
2025-06-02 12:58:00 INFO DEBUG MONITOR: got 0 positions: []
2025-06-02 12:58:00 INFO Total P/L across positions: 0.00 (to PT=95.00, to SL=95.00)
2025-06-02 12:59:00 INFO === MONITOR JOB @ 2025-06-02 15:59:00.004847-04:00 ===
2025-06-02 12:59:00 INFO DEBUG MONITOR: got 0 positions: []
2025-06-02 12:59:00 INFO Total P/L across positions: 0.00 (to PT=95.00, to SL=95.00)
2025-06-02 13:00:00 INFO === MONITOR JOB @ 2025-06-02 16:00:00.002418-04:00 ===
2025-06-02 13:00:00 INFO Market is closed at 2025-06-02 16:00:00.085804-04:00, sleeping for 2 minutes.
2025-06-02 13:03:00 INFO === MONITOR JOB @ 2025-06-02 16:03:00.004604-04:00 ===
2025-06-02 13:03:00 INFO Market is closed at 2025-06-02 16:03:00.279793-04:00, sleeping for 2 minutes.
2025-06-02 13:06:00 INFO === MONITOR JOB @ 2025-06-02 16:06:00.004039-04:00 ===
2025-06-02 13:06:00 INFO Market is closed at 2025-06-02 16:06:00.252248-04:00, sleeping for 2 minutes.
2025-06-02 13:09:00 INFO === MONITOR JOB @ 2025-06-02 16:09:00.005585-04:00 ===
2025-06-02 13:09:00 INFO Market is closed at 2025-06-02 16:09:00.264759-04:00, sleeping for 2 minutes.
2025-06-02 13:12:00 INFO === MONITOR JOB @ 2025-06-02 16:12:00.004971-04:00 ===
2025-06-02 13:12:00 INFO Market is closed at 2025-06-02 16:12:00.245242-04:00, sleeping for 2 minutes.
2025-06-02 13:15:00 INFO === MONITOR JOB @ 2025-06-02 16:15:00.000701-04:00 ===
2025-06-02 13:15:00 INFO Market is closed at 2025-06-02 16:15:00.290761-04:00, sleeping for 2 minutes.
2025-06-02 13:18:00 INFO === MONITOR JOB @ 2025-06-02 16:18:00.002421-04:00 ===
2025-06-02 13:18:00 INFO Market is closed at 2025-06-02 16:18:00.257054-04:00, sleeping for 2 minutes.
2025-06-02 13:21:00 INFO === MONITOR JOB @ 2025-06-02 16:21:00.004520-04:00 ===
2025-06-02 13:21:00 INFO Market is closed at 2025-06-02 16:21:00.810149-04:00, sleeping for 2 minutes.
2025-06-02 13:24:00 INFO === MONITOR JOB @ 2025-06-02 16:24:00.001182-04:00 ===
2025-06-02 13:24:00 INFO Market is closed at 2025-06-02 16:24:00.259615-04:00, sleeping for 2 minutes.
2025-06-02 13:27:00 INFO === MONITOR JOB @ 2025-06-02 16:27:00.008496-04:00 ===
2025-06-02 13:27:00 INFO Market is closed at 2025-06-02 16:27:00.398232-04:00, sleeping for 2 minutes.
2025-06-02 13:30:00 INFO === MONITOR JOB @ 2025-06-02 16:30:00.004551-04:00 ===
2025-06-02 13:30:00 INFO Market is closed at 2025-06-02 16:30:00.265788-04:00, sleeping for 2 minutes.
2025-06-02 13:33:00 INFO === MONITOR JOB @ 2025-06-02 16:33:00.004738-04:00 ===
2025-06-02 13:33:00 INFO Market is closed at 2025-06-02 16:33:00.284107-04:00, sleeping for 2 minutes.
2025-06-02 13:36:00 INFO === MONITOR JOB @ 2025-06-02 16:36:00.005073-04:00 ===
2025-06-02 13:36:00 INFO Market is closed at 2025-06-02 16:36:00.248551-04:00, sleeping for 2 minutes.
2025-06-02 13:39:00 INFO === MONITOR JOB @ 2025-06-02 16:39:00.002773-04:00 ===
2025-06-02 13:39:00 INFO Market is closed at 2025-06-02 16:39:00.276999-04:00, sleeping for 2 minutes.
2025-06-02 16:00:00 INFO Reminder: revisit margin-based sizing logic.
